#
# There is insufficient memory for the Java Runtime Environment to continue.
# Native memory allocation (malloc) failed to allocate 1827056 bytes. Error detail: Chunk::new
# Possible reasons:
#   The system is out of physical RAM or swap space
#   This process is running with CompressedOops enabled, and the Java Heap may be blocking the growth of the native heap
# Possible solutions:
#   Reduce memory load on the system
#   Increase physical memory or swap space
#   Check if swap backing store is full
#   Decrease Java heap size (-Xmx/-Xms)
#   Decrease number of Java threads
#   Decrease Java thread stack sizes (-Xss)
#   Set larger code cache with -XX:ReservedCodeCacheSize=
#   JVM is running with Unscaled Compressed Oops mode in which the Java heap is
#     placed in the first 4GB address space. The Java Heap base address is the
#     maximum limit for the native heap growth. Please use -XX:HeapBaseMinAddress
#     to set the Java Heap base and to place the Java Heap above 4GB virtual address.
# This output file may be truncated or incomplete.
#
#  Out of Memory Error (arena.cpp:168), pid=22088, tid=16896
#
# JRE version: OpenJDK Runtime Environment Temurin-21.0.10+7 (21.0.10+7) (build 21.0.10+7-LTS)
# Java VM: OpenJDK 64-Bit Server VM Temurin-21.0.10+7 (21.0.10+7-LTS, mixed mode, sharing, tiered, compressed oops, compressed class ptrs, g1 gc, windows-amd64)
# No core dump will be written. Minidumps are not enabled by default on client versions of Windows
#

---------------  S U M M A R Y ------------

Command Line: --add-opens=java.base/java.util=ALL-UNNAMED --add-opens=java.base/java.lang=ALL-UNNAMED --add-opens=java.base/java.lang.invoke=ALL-UNNAMED --add-opens=java.prefs/java.util.prefs=ALL-UNNAMED --add-opens=java.base/java.nio.charset=ALL-UNNAMED --add-opens=java.base/java.net=ALL-UNNAMED --add-opens=java.base/java.util.concurrent.atomic=ALL-UNNAMED -Xmx2048m -Dfile.encoding=UTF-8 -Duser.country=US -Duser.language=en -Duser.variant -javaagent:C:\Users\OS\.gradle\wrapper\dists\gradle-8.7-bin\bhs2wmbdwecv87pi65oeuq5iu\gradle-8.7\lib\agents\gradle-instrumentation-agent-8.7.jar org.gradle.launcher.daemon.bootstrap.GradleDaemon 8.7

Host: Intel(R) Core(TM) i5-1035G1 CPU @ 1.00GHz, 8 cores, 15G,  Windows 11 , 64 bit Build 26100 (10.0.26100.7920)
Time: Sat Apr 11 11:29:39 2026 SE Asia Standard Time elapsed time: 3.981157 seconds (0d 0h 0m 3s)

---------------  T H R E A D  ---------------

Current thread (0x00000223e79d2070):  JavaThread "C2 CompilerThread1" daemon [_thread_in_native, id=16896, stack(0x000000a4fb400000,0x000000a4fb500000) (1024K)]


Current CompileTask:
C2:3981 2815   !   4       java.net.URLClassLoader$1::run (81 bytes)

Stack: [0x000000a4fb400000,0x000000a4fb500000]
Native frames: (J=compiled Java code, j=interpreted, Vv=VM code, C=native code)
V  [jvm.dll+0x6d7a39]
V  [jvm.dll+0x8b4b26]
V  [jvm.dll+0x8b70de]
V  [jvm.dll+0x8b77c3]
V  [jvm.dll+0x284346]
V  [jvm.dll+0xc66ed]
V  [jvm.dll+0xc6c31]
V  [jvm.dll+0x3bec01]
V  [jvm.dll+0x38b162]
V  [jvm.dll+0x38a5aa]
V  [jvm.dll+0x24c560]
V  [jvm.dll+0x24bb40]
V  [jvm.dll+0x1cb34e]
V  [jvm.dll+0x25b85d]
V  [jvm.dll+0x259dea]
V  [jvm.dll+0x3f857e]
V  [jvm.dll+0x85f59d]
V  [jvm.dll+0x6d626d]
C  [ucrtbase.dll+0x37b0]
C  [KERNEL32.DLL+0x2e8d7]
C  [ntdll.dll+0x8c48c]


---------------  P R O C E S S  ---------------

Threads class SMR info:
_java_thread_list=0x00000223e80d8380, length=26, elements={
0x0000022388fbbe20, 0x00000223a0754040, 0x00000223a0754ba0, 0x00000223a075a190,
0x00000223a075b760, 0x00000223a075ce60, 0x00000223a0761110, 0x00000223a07757f0,
0x00000223a080a330, 0x00000223a0afceb0, 0x00000223a0afc740, 0x00000223a0b19a60,
0x00000223e79d2070, 0x00000223e781f160, 0x00000223e78c9e70, 0x00000223e7967020,
0x00000223e7069e40, 0x00000223e75a9560, 0x00000223e75aa3f0, 0x00000223e7f0bdd0,
0x00000223e7f0e530, 0x00000223e7f0c460, 0x00000223e7f0b0b0, 0x00000223e7f0b740,
0x00000223e7f0caf0, 0x00000223e8ad0040
}

Java Threads: ( => current thread )
  0x0000022388fbbe20 JavaThread "main"                              [_thread_blocked, id=9712, stack(0x000000a4fa100000,0x000000a4fa200000) (1024K)]
  0x00000223a0754040 JavaThread "Reference Handler"          daemon [_thread_blocked, id=18524, stack(0x000000a4fa900000,0x000000a4faa00000) (1024K)]
  0x00000223a0754ba0 JavaThread "Finalizer"                  daemon [_thread_blocked, id=5076, stack(0x000000a4faa00000,0x000000a4fab00000) (1024K)]
  0x00000223a075a190 JavaThread "Signal Dispatcher"          daemon [_thread_blocked, id=12708, stack(0x000000a4fab00000,0x000000a4fac00000) (1024K)]
  0x00000223a075b760 JavaThread "Attach Listener"            daemon [_thread_blocked, id=21460, stack(0x000000a4fac00000,0x000000a4fad00000) (1024K)]
  0x00000223a075ce60 JavaThread "Service Thread"             daemon [_thread_blocked, id=19496, stack(0x000000a4fad00000,0x000000a4fae00000) (1024K)]
  0x00000223a0761110 JavaThread "Monitor Deflation Thread"   daemon [_thread_blocked, id=14940, stack(0x000000a4fae00000,0x000000a4faf00000) (1024K)]
  0x00000223a07757f0 JavaThread "C2 CompilerThread0"         daemon [_thread_in_native, id=22224, stack(0x000000a4faf00000,0x000000a4fb000000) (1024K)]
  0x00000223a080a330 JavaThread "C1 CompilerThread0"         daemon [_thread_blocked, id=19532, stack(0x000000a4fb000000,0x000000a4fb100000) (1024K)]
  0x00000223a0afceb0 JavaThread "Common-Cleaner"             daemon [_thread_blocked, id=20072, stack(0x000000a4fb100000,0x000000a4fb200000) (1024K)]
  0x00000223a0afc740 JavaThread "Notification Thread"        daemon [_thread_blocked, id=24516, stack(0x000000a4fb200000,0x000000a4fb300000) (1024K)]
  0x00000223a0b19a60 JavaThread "Daemon health stats"               [_thread_blocked, id=10444, stack(0x000000a4fb300000,0x000000a4fb400000) (1024K)]
=>0x00000223e79d2070 JavaThread "C2 CompilerThread1"         daemon [_thread_in_native, id=16896, stack(0x000000a4fb400000,0x000000a4fb500000) (1024K)]
  0x00000223e781f160 JavaThread "Incoming local TCP Connector on port 52376"        [_thread_in_native, id=3476, stack(0x000000a4fba00000,0x000000a4fbb00000) (1024K)]
  0x00000223e78c9e70 JavaThread "Daemon periodic checks"            [_thread_blocked, id=10092, stack(0x000000a4fbb00000,0x000000a4fbc00000) (1024K)]
  0x00000223e7967020 JavaThread "Daemon"                            [_thread_blocked, id=22136, stack(0x000000a4fbc00000,0x000000a4fbd00000) (1024K)]
  0x00000223e7069e40 JavaThread "Handler for socket connection from /127.0.0.1:52376 to /127.0.0.1:52377"        [_thread_in_native, id=24544, stack(0x000000a4fbd00000,0x000000a4fbe00000) (1024K)]
  0x00000223e75a9560 JavaThread "Cancel handler"                    [_thread_blocked, id=18548, stack(0x000000a4fbe00000,0x000000a4fbf00000) (1024K)]
  0x00000223e75aa3f0 JavaThread "Daemon worker"                     [_thread_in_vm, id=22976, stack(0x000000a4fbf00000,0x000000a4fc000000) (1024K)]
  0x00000223e7f0bdd0 JavaThread "Asynchronous log dispatcher for DefaultDaemonConnection: socket connection from /127.0.0.1:52376 to /127.0.0.1:52377"        [_thread_blocked, id=10800, stack(0x000000a4fc000000,0x000000a4fc100000) (1024K)]
  0x00000223e7f0e530 JavaThread "Stdin handler"                     [_thread_blocked, id=19056, stack(0x000000a4fc100000,0x000000a4fc200000) (1024K)]
  0x00000223e7f0c460 JavaThread "Daemon client event forwarder"        [_thread_blocked, id=7788, stack(0x000000a4fc200000,0x000000a4fc300000) (1024K)]
  0x00000223e7f0b0b0 JavaThread "Cache worker for journal cache (C:\Users\OS\.gradle\caches\journal-1)"        [_thread_blocked, id=10304, stack(0x000000a4fc300000,0x000000a4fc400000) (1024K)]
  0x00000223e7f0b740 JavaThread "File lock request listener"        [_thread_in_native, id=18912, stack(0x000000a4fc400000,0x000000a4fc500000) (1024K)]
  0x00000223e7f0caf0 JavaThread "Cache worker for file hash cache (C:\Users\OS\.gradle\caches\8.7\fileHashes)"        [_thread_blocked, id=23116, stack(0x000000a4fc500000,0x000000a4fc600000) (1024K)]
  0x00000223e8ad0040 JavaThread "C2 CompilerThread2"         daemon [_thread_in_native, id=22428, stack(0x000000a4fc600000,0x000000a4fc700000) (1024K)]
Total: 26

Other Threads:
  0x00000223a0736150 VMThread "VM Thread"                           [id=9760, stack(0x000000a4fa800000,0x000000a4fa900000) (1024K)]
  0x00000223a0729ef0 WatcherThread "VM Periodic Task Thread"        [id=23260, stack(0x000000a4fa700000,0x000000a4fa800000) (1024K)]
  0x0000022389017390 WorkerThread "GC Thread#0"                     [id=21672, stack(0x000000a4fa200000,0x000000a4fa300000) (1024K)]
  0x00000223e66f1020 WorkerThread "GC Thread#1"                     [id=24428, stack(0x000000a4fb500000,0x000000a4fb600000) (1024K)]
  0x00000223e66f13d0 WorkerThread "GC Thread#2"                     [id=14168, stack(0x000000a4fb600000,0x000000a4fb700000) (1024K)]
  0x00000223e670b930 WorkerThread "GC Thread#3"                     [id=16712, stack(0x000000a4fb700000,0x000000a4fb800000) (1024K)]
  0x00000223e670c0f0 WorkerThread "GC Thread#4"                     [id=22820, stack(0x000000a4fb800000,0x000000a4fb900000) (1024K)]
  0x00000223e67688b0 WorkerThread "GC Thread#5"                     [id=23844, stack(0x000000a4fb900000,0x000000a4fba00000) (1024K)]
  0x0000022389028290 ConcurrentGCThread "G1 Main Marker"            [id=22964, stack(0x000000a4fa300000,0x000000a4fa400000) (1024K)]
  0x000002238902ab40 WorkerThread "G1 Conc#0"                       [id=8264, stack(0x000000a4fa400000,0x000000a4fa500000) (1024K)]
  0x00000223a0678b30 ConcurrentGCThread "G1 Refine#0"               [id=17860, stack(0x000000a4fa500000,0x000000a4fa600000) (1024K)]
  0x00000223a067a470 ConcurrentGCThread "G1 Service"                [id=22896, stack(0x000000a4fa600000,0x000000a4fa700000) (1024K)]
Total: 12

Threads with active compile tasks:
C2 CompilerThread0  4010 2813   !   4       java.net.URLClassLoader::findClass (47 bytes)
C2 CompilerThread1  4010 2815   !   4       java.net.URLClassLoader$1::run (81 bytes)
C2 CompilerThread2  4010 2814       4       java.net.URLClassLoader$1::run (5 bytes)
Total: 3

VM state: not at safepoint (normal execution)

VM Mutex/Monitor currently owned by a thread: None

Heap address: 0x0000000080000000, size: 2048 MB, Compressed Oops mode: 32-bit

CDS archive(s) mapped at: [0x00000223a1000000-0x00000223a1ba0000-0x00000223a1ba0000), size 12189696, SharedBaseAddress: 0x00000223a1000000, ArchiveRelocationMode: 1.
Compressed class space mapped at: 0x00000223a2000000-0x00000223e2000000, reserved size: 1073741824
Narrow klass base: 0x00000223a1000000, Narrow klass shift: 0, Narrow klass range: 0x100000000

GC Precious Log:
 CardTable entry size: 512
 Card Set container configuration: InlinePtr #cards 5 size 8 Array Of Cards #cards 12 size 40 Howl #buckets 4 coarsen threshold 1843 Howl Bitmap #cards 512 size 80 coarsen threshold 460 Card regions per heap region 1 cards per card region 2048
 CPUs: 8 total, 8 available
 Memory: 16069M
 Large Page Support: Disabled
 NUMA Support: Disabled
 Compressed Oops: Enabled (32-bit)
 Heap Region Size: 1M
 Heap Min Capacity: 8M
 Heap Initial Capacity: 252M
 Heap Max Capacity: 2G
 Pre-touch: Disabled
 Parallel Workers: 8
 Concurrent Workers: 2
 Concurrent Refinement Workers: 8
 Periodic GC: Disabled

Heap:
 garbage-first heap   total 258048K, used 112978K [0x0000000080000000, 0x0000000100000000)
  region size 1024K, 100 young (102400K), 1 survivors (1024K)
 Metaspace       used 19974K, committed 20672K, reserved 1114112K
  class space    used 2940K, committed 3264K, reserved 1048576K

Heap Regions: E=young(eden), S=young(survivor), O=old, HS=humongous(starts), HC=humongous(continues), CS=collection set, F=free, TAMS=top-at-mark-start, PB=parsable bottom
|   0|0x0000000080000000, 0x0000000080100000, 0x0000000080100000|100%|HS|  |TAMS 0x0000000080000000| PB 0x0000000080000000| Complete 
|   1|0x0000000080100000, 0x0000000080200000, 0x0000000080200000|100%|HC|  |TAMS 0x0000000080100000| PB 0x0000000080100000| Complete 
|   2|0x0000000080200000, 0x0000000080300000, 0x0000000080300000|100%|HC|  |TAMS 0x0000000080200000| PB 0x0000000080200000| Complete 
|   3|0x0000000080300000, 0x0000000080400000, 0x0000000080400000|100%|HC|  |TAMS 0x0000000080300000| PB 0x0000000080300000| Complete 
|   4|0x0000000080400000, 0x0000000080500000, 0x0000000080500000|100%| O|  |TAMS 0x0000000080400000| PB 0x0000000080400000| Untracked 
|   5|0x0000000080500000, 0x0000000080600000, 0x0000000080600000|100%| O|  |TAMS 0x0000000080500000| PB 0x0000000080500000| Untracked 
|   6|0x0000000080600000, 0x0000000080700000, 0x0000000080700000|100%| O|  |TAMS 0x0000000080600000| PB 0x0000000080600000| Untracked 
|   7|0x0000000080700000, 0x0000000080800000, 0x0000000080800000|100%| O|  |TAMS 0x0000000080700000| PB 0x0000000080700000| Untracked 
|   8|0x0000000080800000, 0x00000000808ffff8, 0x0000000080900000| 99%| O|  |TAMS 0x0000000080800000| PB 0x0000000080800000| Untracked 
|   9|0x0000000080900000, 0x0000000080a00000, 0x0000000080a00000|100%| O|  |TAMS 0x0000000080900000| PB 0x0000000080900000| Untracked 
|  10|0x0000000080a00000, 0x0000000080a69b40, 0x0000000080b00000| 41%| O|  |TAMS 0x0000000080a00000| PB 0x0000000080a00000| Untracked 
|  11|0x0000000080b00000, 0x0000000080c00000, 0x0000000080c00000|100%|HS|  |TAMS 0x0000000080b00000| PB 0x0000000080b00000| Complete 
|  12|0x0000000080c00000, 0x0000000080c00000, 0x0000000080d00000|  0%| F|  |TAMS 0x0000000080c00000| PB 0x0000000080c00000| Untracked 
|  13|0x0000000080d00000, 0x0000000080d00000, 0x0000000080e00000|  0%| F|  |TAMS 0x0000000080d00000| PB 0x0000000080d00000| Untracked 
|  14|0x0000000080e00000, 0x0000000080e00000, 0x0000000080f00000|  0%| F|  |TAMS 0x0000000080e00000| PB 0x0000000080e00000| Untracked 
|  15|0x0000000080f00000, 0x0000000080f00000, 0x0000000081000000|  0%| F|  |TAMS 0x0000000080f00000| PB 0x0000000080f00000| Untracked 
|  16|0x0000000081000000, 0x0000000081000000, 0x0000000081100000|  0%| F|  |TAMS 0x0000000081000000| PB 0x0000000081000000| Untracked 
|  17|0x0000000081100000, 0x0000000081100000, 0x0000000081200000|  0%| F|  |TAMS 0x0000000081100000| PB 0x0000000081100000| Untracked 
|  18|0x0000000081200000, 0x0000000081200000, 0x0000000081300000|  0%| F|  |TAMS 0x0000000081200000| PB 0x0000000081200000| Untracked 
|  19|0x0000000081300000, 0x0000000081300000, 0x0000000081400000|  0%| F|  |TAMS 0x0000000081300000| PB 0x0000000081300000| Untracked 
|  20|0x0000000081400000, 0x0000000081400000, 0x0000000081500000|  0%| F|  |TAMS 0x0000000081400000| PB 0x0000000081400000| Untracked 
|  21|0x0000000081500000, 0x0000000081500000, 0x0000000081600000|  0%| F|  |TAMS 0x0000000081500000| PB 0x0000000081500000| Untracked 
|  22|0x0000000081600000, 0x0000000081600000, 0x0000000081700000|  0%| F|  |TAMS 0x0000000081600000| PB 0x0000000081600000| Untracked 
|  23|0x0000000081700000, 0x0000000081700000, 0x0000000081800000|  0%| F|  |TAMS 0x0000000081700000| PB 0x0000000081700000| Untracked 
|  24|0x0000000081800000, 0x0000000081800000, 0x0000000081900000|  0%| F|  |TAMS 0x0000000081800000| PB 0x0000000081800000| Untracked 
|  25|0x0000000081900000, 0x0000000081900000, 0x0000000081a00000|  0%| F|  |TAMS 0x0000000081900000| PB 0x0000000081900000| Untracked 
|  26|0x0000000081a00000, 0x0000000081a00000, 0x0000000081b00000|  0%| F|  |TAMS 0x0000000081a00000| PB 0x0000000081a00000| Untracked 
|  27|0x0000000081b00000, 0x0000000081b00000, 0x0000000081c00000|  0%| F|  |TAMS 0x0000000081b00000| PB 0x0000000081b00000| Untracked 
|  28|0x0000000081c00000, 0x0000000081c00000, 0x0000000081d00000|  0%| F|  |TAMS 0x0000000081c00000| PB 0x0000000081c00000| Untracked 
|  29|0x0000000081d00000, 0x0000000081d00000, 0x0000000081e00000|  0%| F|  |TAMS 0x0000000081d00000| PB 0x0000000081d00000| Untracked 
|  30|0x0000000081e00000, 0x0000000081e00000, 0x0000000081f00000|  0%| F|  |TAMS 0x0000000081e00000| PB 0x0000000081e00000| Untracked 
|  31|0x0000000081f00000, 0x0000000081f00000, 0x0000000082000000|  0%| F|  |TAMS 0x0000000081f00000| PB 0x0000000081f00000| Untracked 
|  32|0x0000000082000000, 0x0000000082000000, 0x0000000082100000|  0%| F|  |TAMS 0x0000000082000000| PB 0x0000000082000000| Untracked 
|  33|0x0000000082100000, 0x0000000082100000, 0x0000000082200000|  0%| F|  |TAMS 0x0000000082100000| PB 0x0000000082100000| Untracked 
|  34|0x0000000082200000, 0x0000000082200000, 0x0000000082300000|  0%| F|  |TAMS 0x0000000082200000| PB 0x0000000082200000| Untracked 
|  35|0x0000000082300000, 0x0000000082300000, 0x0000000082400000|  0%| F|  |TAMS 0x0000000082300000| PB 0x0000000082300000| Untracked 
|  36|0x0000000082400000, 0x0000000082400000, 0x0000000082500000|  0%| F|  |TAMS 0x0000000082400000| PB 0x0000000082400000| Untracked 
|  37|0x0000000082500000, 0x0000000082500000, 0x0000000082600000|  0%| F|  |TAMS 0x0000000082500000| PB 0x0000000082500000| Untracked 
|  38|0x0000000082600000, 0x0000000082600000, 0x0000000082700000|  0%| F|  |TAMS 0x0000000082600000| PB 0x0000000082600000| Untracked 
|  39|0x0000000082700000, 0x0000000082700000, 0x0000000082800000|  0%| F|  |TAMS 0x0000000082700000| PB 0x0000000082700000| Untracked 
|  40|0x0000000082800000, 0x0000000082800000, 0x0000000082900000|  0%| F|  |TAMS 0x0000000082800000| PB 0x0000000082800000| Untracked 
|  41|0x0000000082900000, 0x0000000082900000, 0x0000000082a00000|  0%| F|  |TAMS 0x0000000082900000| PB 0x0000000082900000| Untracked 
|  42|0x0000000082a00000, 0x0000000082a00000, 0x0000000082b00000|  0%| F|  |TAMS 0x0000000082a00000| PB 0x0000000082a00000| Untracked 
|  43|0x0000000082b00000, 0x0000000082b00000, 0x0000000082c00000|  0%| F|  |TAMS 0x0000000082b00000| PB 0x0000000082b00000| Untracked 
|  44|0x0000000082c00000, 0x0000000082c00000, 0x0000000082d00000|  0%| F|  |TAMS 0x0000000082c00000| PB 0x0000000082c00000| Untracked 
|  45|0x0000000082d00000, 0x0000000082d00000, 0x0000000082e00000|  0%| F|  |TAMS 0x0000000082d00000| PB 0x0000000082d00000| Untracked 
|  46|0x0000000082e00000, 0x0000000082e00000, 0x0000000082f00000|  0%| F|  |TAMS 0x0000000082e00000| PB 0x0000000082e00000| Untracked 
|  47|0x0000000082f00000, 0x0000000082f00000, 0x0000000083000000|  0%| F|  |TAMS 0x0000000082f00000| PB 0x0000000082f00000| Untracked 
|  48|0x0000000083000000, 0x0000000083000000, 0x0000000083100000|  0%| F|  |TAMS 0x0000000083000000| PB 0x0000000083000000| Untracked 
|  49|0x0000000083100000, 0x0000000083100000, 0x0000000083200000|  0%| F|  |TAMS 0x0000000083100000| PB 0x0000000083100000| Untracked 
|  50|0x0000000083200000, 0x0000000083200000, 0x0000000083300000|  0%| F|  |TAMS 0x0000000083200000| PB 0x0000000083200000| Untracked 
|  51|0x0000000083300000, 0x0000000083300000, 0x0000000083400000|  0%| F|  |TAMS 0x0000000083300000| PB 0x0000000083300000| Untracked 
|  52|0x0000000083400000, 0x0000000083400000, 0x0000000083500000|  0%| F|  |TAMS 0x0000000083400000| PB 0x0000000083400000| Untracked 
|  53|0x0000000083500000, 0x0000000083500000, 0x0000000083600000|  0%| F|  |TAMS 0x0000000083500000| PB 0x0000000083500000| Untracked 
|  54|0x0000000083600000, 0x0000000083600000, 0x0000000083700000|  0%| F|  |TAMS 0x0000000083600000| PB 0x0000000083600000| Untracked 
|  55|0x0000000083700000, 0x0000000083700000, 0x0000000083800000|  0%| F|  |TAMS 0x0000000083700000| PB 0x0000000083700000| Untracked 
|  56|0x0000000083800000, 0x0000000083800000, 0x0000000083900000|  0%| F|  |TAMS 0x0000000083800000| PB 0x0000000083800000| Untracked 
|  57|0x0000000083900000, 0x0000000083900000, 0x0000000083a00000|  0%| F|  |TAMS 0x0000000083900000| PB 0x0000000083900000| Untracked 
|  58|0x0000000083a00000, 0x0000000083a00000, 0x0000000083b00000|  0%| F|  |TAMS 0x0000000083a00000| PB 0x0000000083a00000| Untracked 
|  59|0x0000000083b00000, 0x0000000083b00000, 0x0000000083c00000|  0%| F|  |TAMS 0x0000000083b00000| PB 0x0000000083b00000| Untracked 
|  60|0x0000000083c00000, 0x0000000083c00000, 0x0000000083d00000|  0%| F|  |TAMS 0x0000000083c00000| PB 0x0000000083c00000| Untracked 
|  61|0x0000000083d00000, 0x0000000083d00000, 0x0000000083e00000|  0%| F|  |TAMS 0x0000000083d00000| PB 0x0000000083d00000| Untracked 
|  62|0x0000000083e00000, 0x0000000083e00000, 0x0000000083f00000|  0%| F|  |TAMS 0x0000000083e00000| PB 0x0000000083e00000| Untracked 
|  63|0x0000000083f00000, 0x0000000083f00000, 0x0000000084000000|  0%| F|  |TAMS 0x0000000083f00000| PB 0x0000000083f00000| Untracked 
|  64|0x0000000084000000, 0x0000000084000000, 0x0000000084100000|  0%| F|  |TAMS 0x0000000084000000| PB 0x0000000084000000| Untracked 
|  65|0x0000000084100000, 0x0000000084100000, 0x0000000084200000|  0%| F|  |TAMS 0x0000000084100000| PB 0x0000000084100000| Untracked 
|  66|0x0000000084200000, 0x0000000084200000, 0x0000000084300000|  0%| F|  |TAMS 0x0000000084200000| PB 0x0000000084200000| Untracked 
|  67|0x0000000084300000, 0x0000000084300000, 0x0000000084400000|  0%| F|  |TAMS 0x0000000084300000| PB 0x0000000084300000| Untracked 
|  68|0x0000000084400000, 0x0000000084400000, 0x0000000084500000|  0%| F|  |TAMS 0x0000000084400000| PB 0x0000000084400000| Untracked 
|  69|0x0000000084500000, 0x0000000084500000, 0x0000000084600000|  0%| F|  |TAMS 0x0000000084500000| PB 0x0000000084500000| Untracked 
|  70|0x0000000084600000, 0x0000000084600000, 0x0000000084700000|  0%| F|  |TAMS 0x0000000084600000| PB 0x0000000084600000| Untracked 
|  71|0x0000000084700000, 0x0000000084700000, 0x0000000084800000|  0%| F|  |TAMS 0x0000000084700000| PB 0x0000000084700000| Untracked 
|  72|0x0000000084800000, 0x0000000084800000, 0x0000000084900000|  0%| F|  |TAMS 0x0000000084800000| PB 0x0000000084800000| Untracked 
|  73|0x0000000084900000, 0x0000000084900000, 0x0000000084a00000|  0%| F|  |TAMS 0x0000000084900000| PB 0x0000000084900000| Untracked 
|  74|0x0000000084a00000, 0x0000000084a00000, 0x0000000084b00000|  0%| F|  |TAMS 0x0000000084a00000| PB 0x0000000084a00000| Untracked 
|  75|0x0000000084b00000, 0x0000000084b00000, 0x0000000084c00000|  0%| F|  |TAMS 0x0000000084b00000| PB 0x0000000084b00000| Untracked 
|  76|0x0000000084c00000, 0x0000000084c00000, 0x0000000084d00000|  0%| F|  |TAMS 0x0000000084c00000| PB 0x0000000084c00000| Untracked 
|  77|0x0000000084d00000, 0x0000000084d00000, 0x0000000084e00000|  0%| F|  |TAMS 0x0000000084d00000| PB 0x0000000084d00000| Untracked 
|  78|0x0000000084e00000, 0x0000000084e00000, 0x0000000084f00000|  0%| F|  |TAMS 0x0000000084e00000| PB 0x0000000084e00000| Untracked 
|  79|0x0000000084f00000, 0x0000000084f00000, 0x0000000085000000|  0%| F|  |TAMS 0x0000000084f00000| PB 0x0000000084f00000| Untracked 
|  80|0x0000000085000000, 0x0000000085000000, 0x0000000085100000|  0%| F|  |TAMS 0x0000000085000000| PB 0x0000000085000000| Untracked 
|  81|0x0000000085100000, 0x0000000085100000, 0x0000000085200000|  0%| F|  |TAMS 0x0000000085100000| PB 0x0000000085100000| Untracked 
|  82|0x0000000085200000, 0x0000000085200000, 0x0000000085300000|  0%| F|  |TAMS 0x0000000085200000| PB 0x0000000085200000| Untracked 
|  83|0x0000000085300000, 0x0000000085300000, 0x0000000085400000|  0%| F|  |TAMS 0x0000000085300000| PB 0x0000000085300000| Untracked 
|  84|0x0000000085400000, 0x0000000085400000, 0x0000000085500000|  0%| F|  |TAMS 0x0000000085400000| PB 0x0000000085400000| Untracked 
|  85|0x0000000085500000, 0x0000000085500000, 0x0000000085600000|  0%| F|  |TAMS 0x0000000085500000| PB 0x0000000085500000| Untracked 
|  86|0x0000000085600000, 0x0000000085600000, 0x0000000085700000|  0%| F|  |TAMS 0x0000000085600000| PB 0x0000000085600000| Untracked 
|  87|0x0000000085700000, 0x0000000085700000, 0x0000000085800000|  0%| F|  |TAMS 0x0000000085700000| PB 0x0000000085700000| Untracked 
|  88|0x0000000085800000, 0x0000000085800000, 0x0000000085900000|  0%| F|  |TAMS 0x0000000085800000| PB 0x0000000085800000| Untracked 
|  89|0x0000000085900000, 0x0000000085900000, 0x0000000085a00000|  0%| F|  |TAMS 0x0000000085900000| PB 0x0000000085900000| Untracked 
|  90|0x0000000085a00000, 0x0000000085a00000, 0x0000000085b00000|  0%| F|  |TAMS 0x0000000085a00000| PB 0x0000000085a00000| Untracked 
|  91|0x0000000085b00000, 0x0000000085b00000, 0x0000000085c00000|  0%| F|  |TAMS 0x0000000085b00000| PB 0x0000000085b00000| Untracked 
|  92|0x0000000085c00000, 0x0000000085c00000, 0x0000000085d00000|  0%| F|  |TAMS 0x0000000085c00000| PB 0x0000000085c00000| Untracked 
|  93|0x0000000085d00000, 0x0000000085d00000, 0x0000000085e00000|  0%| F|  |TAMS 0x0000000085d00000| PB 0x0000000085d00000| Untracked 
|  94|0x0000000085e00000, 0x0000000085e00000, 0x0000000085f00000|  0%| F|  |TAMS 0x0000000085e00000| PB 0x0000000085e00000| Untracked 
|  95|0x0000000085f00000, 0x0000000085f00000, 0x0000000086000000|  0%| F|  |TAMS 0x0000000085f00000| PB 0x0000000085f00000| Untracked 
|  96|0x0000000086000000, 0x0000000086000000, 0x0000000086100000|  0%| F|  |TAMS 0x0000000086000000| PB 0x0000000086000000| Untracked 
|  97|0x0000000086100000, 0x0000000086100000, 0x0000000086200000|  0%| F|  |TAMS 0x0000000086100000| PB 0x0000000086100000| Untracked 
|  98|0x0000000086200000, 0x0000000086200000, 0x0000000086300000|  0%| F|  |TAMS 0x0000000086200000| PB 0x0000000086200000| Untracked 
|  99|0x0000000086300000, 0x0000000086300000, 0x0000000086400000|  0%| F|  |TAMS 0x0000000086300000| PB 0x0000000086300000| Untracked 
| 100|0x0000000086400000, 0x0000000086400000, 0x0000000086500000|  0%| F|  |TAMS 0x0000000086400000| PB 0x0000000086400000| Untracked 
| 101|0x0000000086500000, 0x0000000086500000, 0x0000000086600000|  0%| F|  |TAMS 0x0000000086500000| PB 0x0000000086500000| Untracked 
| 102|0x0000000086600000, 0x0000000086600000, 0x0000000086700000|  0%| F|  |TAMS 0x0000000086600000| PB 0x0000000086600000| Untracked 
| 103|0x0000000086700000, 0x0000000086700000, 0x0000000086800000|  0%| F|  |TAMS 0x0000000086700000| PB 0x0000000086700000| Untracked 
| 104|0x0000000086800000, 0x0000000086800000, 0x0000000086900000|  0%| F|  |TAMS 0x0000000086800000| PB 0x0000000086800000| Untracked 
| 105|0x0000000086900000, 0x0000000086900000, 0x0000000086a00000|  0%| F|  |TAMS 0x0000000086900000| PB 0x0000000086900000| Untracked 
| 106|0x0000000086a00000, 0x0000000086a00000, 0x0000000086b00000|  0%| F|  |TAMS 0x0000000086a00000| PB 0x0000000086a00000| Untracked 
| 107|0x0000000086b00000, 0x0000000086b00000, 0x0000000086c00000|  0%| F|  |TAMS 0x0000000086b00000| PB 0x0000000086b00000| Untracked 
| 108|0x0000000086c00000, 0x0000000086c00000, 0x0000000086d00000|  0%| F|  |TAMS 0x0000000086c00000| PB 0x0000000086c00000| Untracked 
| 109|0x0000000086d00000, 0x0000000086d00000, 0x0000000086e00000|  0%| F|  |TAMS 0x0000000086d00000| PB 0x0000000086d00000| Untracked 
| 110|0x0000000086e00000, 0x0000000086e00000, 0x0000000086f00000|  0%| F|  |TAMS 0x0000000086e00000| PB 0x0000000086e00000| Untracked 
| 111|0x0000000086f00000, 0x0000000086f00000, 0x0000000087000000|  0%| F|  |TAMS 0x0000000086f00000| PB 0x0000000086f00000| Untracked 
| 112|0x0000000087000000, 0x0000000087000000, 0x0000000087100000|  0%| F|  |TAMS 0x0000000087000000| PB 0x0000000087000000| Untracked 
| 113|0x0000000087100000, 0x0000000087100000, 0x0000000087200000|  0%| F|  |TAMS 0x0000000087100000| PB 0x0000000087100000| Untracked 
| 114|0x0000000087200000, 0x0000000087200000, 0x0000000087300000|  0%| F|  |TAMS 0x0000000087200000| PB 0x0000000087200000| Untracked 
| 115|0x0000000087300000, 0x0000000087300000, 0x0000000087400000|  0%| F|  |TAMS 0x0000000087300000| PB 0x0000000087300000| Untracked 
| 116|0x0000000087400000, 0x0000000087400000, 0x0000000087500000|  0%| F|  |TAMS 0x0000000087400000| PB 0x0000000087400000| Untracked 
| 117|0x0000000087500000, 0x0000000087500000, 0x0000000087600000|  0%| F|  |TAMS 0x0000000087500000| PB 0x0000000087500000| Untracked 
| 118|0x0000000087600000, 0x0000000087600000, 0x0000000087700000|  0%| F|  |TAMS 0x0000000087600000| PB 0x0000000087600000| Untracked 
| 119|0x0000000087700000, 0x0000000087700000, 0x0000000087800000|  0%| F|  |TAMS 0x0000000087700000| PB 0x0000000087700000| Untracked 
| 120|0x0000000087800000, 0x0000000087800000, 0x0000000087900000|  0%| F|  |TAMS 0x0000000087800000| PB 0x0000000087800000| Untracked 
| 121|0x0000000087900000, 0x0000000087900000, 0x0000000087a00000|  0%| F|  |TAMS 0x0000000087900000| PB 0x0000000087900000| Untracked 
| 122|0x0000000087a00000, 0x0000000087a00000, 0x0000000087b00000|  0%| F|  |TAMS 0x0000000087a00000| PB 0x0000000087a00000| Untracked 
| 123|0x0000000087b00000, 0x0000000087b00000, 0x0000000087c00000|  0%| F|  |TAMS 0x0000000087b00000| PB 0x0000000087b00000| Untracked 
| 124|0x0000000087c00000, 0x0000000087c00000, 0x0000000087d00000|  0%| F|  |TAMS 0x0000000087c00000| PB 0x0000000087c00000| Untracked 
| 125|0x0000000087d00000, 0x0000000087d00000, 0x0000000087e00000|  0%| F|  |TAMS 0x0000000087d00000| PB 0x0000000087d00000| Untracked 
| 126|0x0000000087e00000, 0x0000000087e00000, 0x0000000087f00000|  0%| F|  |TAMS 0x0000000087e00000| PB 0x0000000087e00000| Untracked 
| 127|0x0000000087f00000, 0x0000000087f00000, 0x0000000088000000|  0%| F|  |TAMS 0x0000000087f00000| PB 0x0000000087f00000| Untracked 
| 128|0x0000000088000000, 0x0000000088000000, 0x0000000088100000|  0%| F|  |TAMS 0x0000000088000000| PB 0x0000000088000000| Untracked 
| 129|0x0000000088100000, 0x0000000088100000, 0x0000000088200000|  0%| F|  |TAMS 0x0000000088100000| PB 0x0000000088100000| Untracked 
| 130|0x0000000088200000, 0x0000000088200000, 0x0000000088300000|  0%| F|  |TAMS 0x0000000088200000| PB 0x0000000088200000| Untracked 
| 131|0x0000000088300000, 0x0000000088300000, 0x0000000088400000|  0%| F|  |TAMS 0x0000000088300000| PB 0x0000000088300000| Untracked 
| 132|0x0000000088400000, 0x0000000088400000, 0x0000000088500000|  0%| F|  |TAMS 0x0000000088400000| PB 0x0000000088400000| Untracked 
| 133|0x0000000088500000, 0x0000000088500000, 0x0000000088600000|  0%| F|  |TAMS 0x0000000088500000| PB 0x0000000088500000| Untracked 
| 134|0x0000000088600000, 0x0000000088600000, 0x0000000088700000|  0%| F|  |TAMS 0x0000000088600000| PB 0x0000000088600000| Untracked 
| 135|0x0000000088700000, 0x0000000088700000, 0x0000000088800000|  0%| F|  |TAMS 0x0000000088700000| PB 0x0000000088700000| Untracked 
| 136|0x0000000088800000, 0x0000000088800000, 0x0000000088900000|  0%| F|  |TAMS 0x0000000088800000| PB 0x0000000088800000| Untracked 
| 137|0x0000000088900000, 0x0000000088900000, 0x0000000088a00000|  0%| F|  |TAMS 0x0000000088900000| PB 0x0000000088900000| Untracked 
| 138|0x0000000088a00000, 0x0000000088a00000, 0x0000000088b00000|  0%| F|  |TAMS 0x0000000088a00000| PB 0x0000000088a00000| Untracked 
| 139|0x0000000088b00000, 0x0000000088b00000, 0x0000000088c00000|  0%| F|  |TAMS 0x0000000088b00000| PB 0x0000000088b00000| Untracked 
| 140|0x0000000088c00000, 0x0000000088c00000, 0x0000000088d00000|  0%| F|  |TAMS 0x0000000088c00000| PB 0x0000000088c00000| Untracked 
| 141|0x0000000088d00000, 0x0000000088d00000, 0x0000000088e00000|  0%| F|  |TAMS 0x0000000088d00000| PB 0x0000000088d00000| Untracked 
| 142|0x0000000088e00000, 0x0000000088e00000, 0x0000000088f00000|  0%| F|  |TAMS 0x0000000088e00000| PB 0x0000000088e00000| Untracked 
| 143|0x0000000088f00000, 0x0000000088f00000, 0x0000000089000000|  0%| F|  |TAMS 0x0000000088f00000| PB 0x0000000088f00000| Untracked 
| 144|0x0000000089000000, 0x0000000089000000, 0x0000000089100000|  0%| F|  |TAMS 0x0000000089000000| PB 0x0000000089000000| Untracked 
| 145|0x0000000089100000, 0x0000000089100000, 0x0000000089200000|  0%| F|  |TAMS 0x0000000089100000| PB 0x0000000089100000| Untracked 
| 146|0x0000000089200000, 0x0000000089200000, 0x0000000089300000|  0%| F|  |TAMS 0x0000000089200000| PB 0x0000000089200000| Untracked 
| 147|0x0000000089300000, 0x0000000089300000, 0x0000000089400000|  0%| F|  |TAMS 0x0000000089300000| PB 0x0000000089300000| Untracked 
| 148|0x0000000089400000, 0x0000000089400000, 0x0000000089500000|  0%| F|  |TAMS 0x0000000089400000| PB 0x0000000089400000| Untracked 
| 149|0x0000000089500000, 0x0000000089500000, 0x0000000089600000|  0%| F|  |TAMS 0x0000000089500000| PB 0x0000000089500000| Untracked 
| 150|0x0000000089600000, 0x0000000089600000, 0x0000000089700000|  0%| F|  |TAMS 0x0000000089600000| PB 0x0000000089600000| Untracked 
| 151|0x0000000089700000, 0x0000000089780000, 0x0000000089800000| 50%| E|  |TAMS 0x0000000089700000| PB 0x0000000089700000| Complete 
| 152|0x0000000089800000, 0x0000000089900000, 0x0000000089900000|100%| E|CS|TAMS 0x0000000089800000| PB 0x0000000089800000| Complete 
| 153|0x0000000089900000, 0x0000000089a00000, 0x0000000089a00000|100%| E|CS|TAMS 0x0000000089900000| PB 0x0000000089900000| Complete 
| 154|0x0000000089a00000, 0x0000000089b00000, 0x0000000089b00000|100%| E|CS|TAMS 0x0000000089a00000| PB 0x0000000089a00000| Complete 
| 155|0x0000000089b00000, 0x0000000089c00000, 0x0000000089c00000|100%| E|CS|TAMS 0x0000000089b00000| PB 0x0000000089b00000| Complete 
| 156|0x0000000089c00000, 0x0000000089d00000, 0x0000000089d00000|100%| E|CS|TAMS 0x0000000089c00000| PB 0x0000000089c00000| Complete 
| 157|0x0000000089d00000, 0x0000000089e00000, 0x0000000089e00000|100%| E|CS|TAMS 0x0000000089d00000| PB 0x0000000089d00000| Complete 
| 158|0x0000000089e00000, 0x0000000089f00000, 0x0000000089f00000|100%| E|CS|TAMS 0x0000000089e00000| PB 0x0000000089e00000| Complete 
| 159|0x0000000089f00000, 0x000000008a000000, 0x000000008a000000|100%| E|CS|TAMS 0x0000000089f00000| PB 0x0000000089f00000| Complete 
| 160|0x000000008a000000, 0x000000008a100000, 0x000000008a100000|100%| E|CS|TAMS 0x000000008a000000| PB 0x000000008a000000| Complete 
| 161|0x000000008a100000, 0x000000008a200000, 0x000000008a200000|100%| E|CS|TAMS 0x000000008a100000| PB 0x000000008a100000| Complete 
| 162|0x000000008a200000, 0x000000008a300000, 0x000000008a300000|100%| E|CS|TAMS 0x000000008a200000| PB 0x000000008a200000| Complete 
| 163|0x000000008a300000, 0x000000008a400000, 0x000000008a400000|100%| E|CS|TAMS 0x000000008a300000| PB 0x000000008a300000| Complete 
| 164|0x000000008a400000, 0x000000008a500000, 0x000000008a500000|100%| E|CS|TAMS 0x000000008a400000| PB 0x000000008a400000| Complete 
| 165|0x000000008a500000, 0x000000008a600000, 0x000000008a600000|100%| E|CS|TAMS 0x000000008a500000| PB 0x000000008a500000| Complete 
| 166|0x000000008a600000, 0x000000008a700000, 0x000000008a700000|100%| E|CS|TAMS 0x000000008a600000| PB 0x000000008a600000| Complete 
| 167|0x000000008a700000, 0x000000008a800000, 0x000000008a800000|100%| E|CS|TAMS 0x000000008a700000| PB 0x000000008a700000| Complete 
| 168|0x000000008a800000, 0x000000008a900000, 0x000000008a900000|100%| E|CS|TAMS 0x000000008a800000| PB 0x000000008a800000| Complete 
| 169|0x000000008a900000, 0x000000008aa00000, 0x000000008aa00000|100%| E|CS|TAMS 0x000000008a900000| PB 0x000000008a900000| Complete 
| 170|0x000000008aa00000, 0x000000008ab00000, 0x000000008ab00000|100%| E|CS|TAMS 0x000000008aa00000| PB 0x000000008aa00000| Complete 
| 171|0x000000008ab00000, 0x000000008ac00000, 0x000000008ac00000|100%| E|CS|TAMS 0x000000008ab00000| PB 0x000000008ab00000| Complete 
| 172|0x000000008ac00000, 0x000000008ad00000, 0x000000008ad00000|100%| E|CS|TAMS 0x000000008ac00000| PB 0x000000008ac00000| Complete 
| 173|0x000000008ad00000, 0x000000008ae00000, 0x000000008ae00000|100%| E|CS|TAMS 0x000000008ad00000| PB 0x000000008ad00000| Complete 
| 174|0x000000008ae00000, 0x000000008af00000, 0x000000008af00000|100%| E|CS|TAMS 0x000000008ae00000| PB 0x000000008ae00000| Complete 
| 175|0x000000008af00000, 0x000000008b000000, 0x000000008b000000|100%| E|CS|TAMS 0x000000008af00000| PB 0x000000008af00000| Complete 
| 176|0x000000008b000000, 0x000000008b100000, 0x000000008b100000|100%| E|CS|TAMS 0x000000008b000000| PB 0x000000008b000000| Complete 
| 177|0x000000008b100000, 0x000000008b200000, 0x000000008b200000|100%| E|CS|TAMS 0x000000008b100000| PB 0x000000008b100000| Complete 
| 178|0x000000008b200000, 0x000000008b300000, 0x000000008b300000|100%| E|CS|TAMS 0x000000008b200000| PB 0x000000008b200000| Complete 
| 179|0x000000008b300000, 0x000000008b400000, 0x000000008b400000|100%| E|CS|TAMS 0x000000008b300000| PB 0x000000008b300000| Complete 
| 180|0x000000008b400000, 0x000000008b500000, 0x000000008b500000|100%| E|CS|TAMS 0x000000008b400000| PB 0x000000008b400000| Complete 
| 181|0x000000008b500000, 0x000000008b600000, 0x000000008b600000|100%| E|CS|TAMS 0x000000008b500000| PB 0x000000008b500000| Complete 
| 182|0x000000008b600000, 0x000000008b700000, 0x000000008b700000|100%| E|CS|TAMS 0x000000008b600000| PB 0x000000008b600000| Complete 
| 183|0x000000008b700000, 0x000000008b800000, 0x000000008b800000|100%| E|CS|TAMS 0x000000008b700000| PB 0x000000008b700000| Complete 
| 184|0x000000008b800000, 0x000000008b900000, 0x000000008b900000|100%| E|CS|TAMS 0x000000008b800000| PB 0x000000008b800000| Complete 
| 185|0x000000008b900000, 0x000000008ba00000, 0x000000008ba00000|100%| E|CS|TAMS 0x000000008b900000| PB 0x000000008b900000| Complete 
| 186|0x000000008ba00000, 0x000000008bb00000, 0x000000008bb00000|100%| E|CS|TAMS 0x000000008ba00000| PB 0x000000008ba00000| Complete 
| 187|0x000000008bb00000, 0x000000008bc00000, 0x000000008bc00000|100%| E|CS|TAMS 0x000000008bb00000| PB 0x000000008bb00000| Complete 
| 188|0x000000008bc00000, 0x000000008bd00000, 0x000000008bd00000|100%| E|CS|TAMS 0x000000008bc00000| PB 0x000000008bc00000| Complete 
| 189|0x000000008bd00000, 0x000000008be00000, 0x000000008be00000|100%| E|CS|TAMS 0x000000008bd00000| PB 0x000000008bd00000| Complete 
| 190|0x000000008be00000, 0x000000008bf00000, 0x000000008bf00000|100%| E|CS|TAMS 0x000000008be00000| PB 0x000000008be00000| Complete 
| 191|0x000000008bf00000, 0x000000008c000000, 0x000000008c000000|100%| E|CS|TAMS 0x000000008bf00000| PB 0x000000008bf00000| Complete 
| 192|0x000000008c000000, 0x000000008c100000, 0x000000008c100000|100%| E|CS|TAMS 0x000000008c000000| PB 0x000000008c000000| Complete 
| 193|0x000000008c100000, 0x000000008c200000, 0x000000008c200000|100%| E|CS|TAMS 0x000000008c100000| PB 0x000000008c100000| Complete 
| 194|0x000000008c200000, 0x000000008c300000, 0x000000008c300000|100%| E|CS|TAMS 0x000000008c200000| PB 0x000000008c200000| Complete 
| 195|0x000000008c300000, 0x000000008c400000, 0x000000008c400000|100%| E|CS|TAMS 0x000000008c300000| PB 0x000000008c300000| Complete 
| 196|0x000000008c400000, 0x000000008c500000, 0x000000008c500000|100%| E|CS|TAMS 0x000000008c400000| PB 0x000000008c400000| Complete 
| 197|0x000000008c500000, 0x000000008c600000, 0x000000008c600000|100%| E|CS|TAMS 0x000000008c500000| PB 0x000000008c500000| Complete 
| 198|0x000000008c600000, 0x000000008c700000, 0x000000008c700000|100%| E|CS|TAMS 0x000000008c600000| PB 0x000000008c600000| Complete 
| 199|0x000000008c700000, 0x000000008c800000, 0x000000008c800000|100%| E|CS|TAMS 0x000000008c700000| PB 0x000000008c700000| Complete 
| 200|0x000000008c800000, 0x000000008c900000, 0x000000008c900000|100%| E|CS|TAMS 0x000000008c800000| PB 0x000000008c800000| Complete 
| 201|0x000000008c900000, 0x000000008ca00000, 0x000000008ca00000|100%| E|CS|TAMS 0x000000008c900000| PB 0x000000008c900000| Complete 
| 202|0x000000008ca00000, 0x000000008cb00000, 0x000000008cb00000|100%| E|CS|TAMS 0x000000008ca00000| PB 0x000000008ca00000| Complete 
| 203|0x000000008cb00000, 0x000000008cc00000, 0x000000008cc00000|100%| E|CS|TAMS 0x000000008cb00000| PB 0x000000008cb00000| Complete 
| 204|0x000000008cc00000, 0x000000008cd00000, 0x000000008cd00000|100%| E|CS|TAMS 0x000000008cc00000| PB 0x000000008cc00000| Complete 
| 205|0x000000008cd00000, 0x000000008ce00000, 0x000000008ce00000|100%| E|CS|TAMS 0x000000008cd00000| PB 0x000000008cd00000| Complete 
| 206|0x000000008ce00000, 0x000000008cf00000, 0x000000008cf00000|100%| E|CS|TAMS 0x000000008ce00000| PB 0x000000008ce00000| Complete 
| 207|0x000000008cf00000, 0x000000008d000000, 0x000000008d000000|100%| E|CS|TAMS 0x000000008cf00000| PB 0x000000008cf00000| Complete 
| 208|0x000000008d000000, 0x000000008d100000, 0x000000008d100000|100%| E|CS|TAMS 0x000000008d000000| PB 0x000000008d000000| Complete 
| 209|0x000000008d100000, 0x000000008d200000, 0x000000008d200000|100%| E|CS|TAMS 0x000000008d100000| PB 0x000000008d100000| Complete 
| 210|0x000000008d200000, 0x000000008d300000, 0x000000008d300000|100%| E|CS|TAMS 0x000000008d200000| PB 0x000000008d200000| Complete 
| 211|0x000000008d300000, 0x000000008d400000, 0x000000008d400000|100%| E|CS|TAMS 0x000000008d300000| PB 0x000000008d300000| Complete 
| 212|0x000000008d400000, 0x000000008d500000, 0x000000008d500000|100%| E|CS|TAMS 0x000000008d400000| PB 0x000000008d400000| Complete 
| 213|0x000000008d500000, 0x000000008d600000, 0x000000008d600000|100%| E|CS|TAMS 0x000000008d500000| PB 0x000000008d500000| Complete 
| 214|0x000000008d600000, 0x000000008d700000, 0x000000008d700000|100%| E|CS|TAMS 0x000000008d600000| PB 0x000000008d600000| Complete 
| 215|0x000000008d700000, 0x000000008d800000, 0x000000008d800000|100%| E|CS|TAMS 0x000000008d700000| PB 0x000000008d700000| Complete 
| 216|0x000000008d800000, 0x000000008d900000, 0x000000008d900000|100%| E|CS|TAMS 0x000000008d800000| PB 0x000000008d800000| Complete 
| 217|0x000000008d900000, 0x000000008da00000, 0x000000008da00000|100%| E|CS|TAMS 0x000000008d900000| PB 0x000000008d900000| Complete 
| 218|0x000000008da00000, 0x000000008db00000, 0x000000008db00000|100%| E|CS|TAMS 0x000000008da00000| PB 0x000000008da00000| Complete 
| 219|0x000000008db00000, 0x000000008dbeafa8, 0x000000008dc00000| 91%| S|CS|TAMS 0x000000008db00000| PB 0x000000008db00000| Complete 
| 220|0x000000008dc00000, 0x000000008dd00000, 0x000000008dd00000|100%| E|CS|TAMS 0x000000008dc00000| PB 0x000000008dc00000| Complete 
| 221|0x000000008dd00000, 0x000000008de00000, 0x000000008de00000|100%| E|CS|TAMS 0x000000008dd00000| PB 0x000000008dd00000| Complete 
| 222|0x000000008de00000, 0x000000008df00000, 0x000000008df00000|100%| E|CS|TAMS 0x000000008de00000| PB 0x000000008de00000| Complete 
| 223|0x000000008df00000, 0x000000008e000000, 0x000000008e000000|100%| E|CS|TAMS 0x000000008df00000| PB 0x000000008df00000| Complete 
| 224|0x000000008e000000, 0x000000008e100000, 0x000000008e100000|100%| E|CS|TAMS 0x000000008e000000| PB 0x000000008e000000| Complete 
| 225|0x000000008e100000, 0x000000008e200000, 0x000000008e200000|100%| E|CS|TAMS 0x000000008e100000| PB 0x000000008e100000| Complete 
| 226|0x000000008e200000, 0x000000008e300000, 0x000000008e300000|100%| E|CS|TAMS 0x000000008e200000| PB 0x000000008e200000| Complete 
| 227|0x000000008e300000, 0x000000008e400000, 0x000000008e400000|100%| E|CS|TAMS 0x000000008e300000| PB 0x000000008e300000| Complete 
| 228|0x000000008e400000, 0x000000008e500000, 0x000000008e500000|100%| E|CS|TAMS 0x000000008e400000| PB 0x000000008e400000| Complete 
| 229|0x000000008e500000, 0x000000008e600000, 0x000000008e600000|100%| E|CS|TAMS 0x000000008e500000| PB 0x000000008e500000| Complete 
| 230|0x000000008e600000, 0x000000008e700000, 0x000000008e700000|100%| E|CS|TAMS 0x000000008e600000| PB 0x000000008e600000| Complete 
| 231|0x000000008e700000, 0x000000008e800000, 0x000000008e800000|100%| E|CS|TAMS 0x000000008e700000| PB 0x000000008e700000| Complete 
| 232|0x000000008e800000, 0x000000008e900000, 0x000000008e900000|100%| E|CS|TAMS 0x000000008e800000| PB 0x000000008e800000| Complete 
| 233|0x000000008e900000, 0x000000008ea00000, 0x000000008ea00000|100%| E|CS|TAMS 0x000000008e900000| PB 0x000000008e900000| Complete 
| 234|0x000000008ea00000, 0x000000008eb00000, 0x000000008eb00000|100%| E|CS|TAMS 0x000000008ea00000| PB 0x000000008ea00000| Complete 
| 235|0x000000008eb00000, 0x000000008ec00000, 0x000000008ec00000|100%| E|CS|TAMS 0x000000008eb00000| PB 0x000000008eb00000| Complete 
| 236|0x000000008ec00000, 0x000000008ed00000, 0x000000008ed00000|100%| E|CS|TAMS 0x000000008ec00000| PB 0x000000008ec00000| Complete 
| 237|0x000000008ed00000, 0x000000008ee00000, 0x000000008ee00000|100%| E|CS|TAMS 0x000000008ed00000| PB 0x000000008ed00000| Complete 
| 238|0x000000008ee00000, 0x000000008ef00000, 0x000000008ef00000|100%| E|CS|TAMS 0x000000008ee00000| PB 0x000000008ee00000| Complete 
| 239|0x000000008ef00000, 0x000000008f000000, 0x000000008f000000|100%| E|CS|TAMS 0x000000008ef00000| PB 0x000000008ef00000| Complete 
| 240|0x000000008f000000, 0x000000008f100000, 0x000000008f100000|100%| E|CS|TAMS 0x000000008f000000| PB 0x000000008f000000| Complete 
| 241|0x000000008f100000, 0x000000008f200000, 0x000000008f200000|100%| E|CS|TAMS 0x000000008f100000| PB 0x000000008f100000| Complete 
| 242|0x000000008f200000, 0x000000008f300000, 0x000000008f300000|100%| E|CS|TAMS 0x000000008f200000| PB 0x000000008f200000| Complete 
| 243|0x000000008f300000, 0x000000008f400000, 0x000000008f400000|100%| E|CS|TAMS 0x000000008f300000| PB 0x000000008f300000| Complete 
| 244|0x000000008f400000, 0x000000008f500000, 0x000000008f500000|100%| E|CS|TAMS 0x000000008f400000| PB 0x000000008f400000| Complete 
| 245|0x000000008f500000, 0x000000008f600000, 0x000000008f600000|100%| E|CS|TAMS 0x000000008f500000| PB 0x000000008f500000| Complete 
| 246|0x000000008f600000, 0x000000008f700000, 0x000000008f700000|100%| E|CS|TAMS 0x000000008f600000| PB 0x000000008f600000| Complete 
| 247|0x000000008f700000, 0x000000008f800000, 0x000000008f800000|100%| E|CS|TAMS 0x000000008f700000| PB 0x000000008f700000| Complete 
| 248|0x000000008f800000, 0x000000008f900000, 0x000000008f900000|100%| E|CS|TAMS 0x000000008f800000| PB 0x000000008f800000| Complete 
| 249|0x000000008f900000, 0x000000008fa00000, 0x000000008fa00000|100%| E|CS|TAMS 0x000000008f900000| PB 0x000000008f900000| Complete 
| 250|0x000000008fa00000, 0x000000008fb00000, 0x000000008fb00000|100%| E|CS|TAMS 0x000000008fa00000| PB 0x000000008fa00000| Complete 
| 251|0x000000008fb00000, 0x000000008fc00000, 0x000000008fc00000|100%| E|CS|TAMS 0x000000008fb00000| PB 0x000000008fb00000| Complete 

Card table byte_map: [0x000002239b900000,0x000002239bd00000] _byte_map_base: 0x000002239b500000

Marking Bits: (CMBitMap*) 0x00000223890179b0
 Bits: [0x000002239bd00000, 0x000002239dd00000)

Polling page: 0x0000022386dd0000

Metaspace:

Usage:
  Non-class:     16.67 MB used.
      Class:      2.88 MB used.
       Both:     19.55 MB used.

Virtual space:
  Non-class space:       64.00 MB reserved,      17.06 MB ( 27%) committed,  1 nodes.
      Class space:        1.00 GB reserved,       3.19 MB ( <1%) committed,  1 nodes.
             Both:        1.06 GB reserved,      20.25 MB (  2%) committed. 

Chunk freelists:
   Non-Class:  14.61 MB
       Class:  12.86 MB
        Both:  27.45 MB

MaxMetaspaceSize: unlimited
CompressedClassSpaceSize: 1.00 GB
Initial GC threshold: 21.00 MB
Current GC threshold: 21.00 MB
CDS: on
 - commit_granule_bytes: 65536.
 - commit_granule_words: 8192.
 - virtual_space_node_default_size: 8388608.
 - enlarge_chunks_in_place: 1.
 - use_allocation_guard: 0.


Internal statistics:

num_allocs_failed_limit: 0.
num_arena_births: 904.
num_arena_deaths: 0.
num_vsnodes_births: 2.
num_vsnodes_deaths: 0.
num_space_committed: 324.
num_space_uncommitted: 0.
num_chunks_returned_to_freelist: 0.
num_chunks_taken_from_freelist: 1703.
num_chunk_merges: 0.
num_chunk_splits: 1091.
num_chunks_enlarged: 715.
num_inconsistent_stats: 0.

CodeHeap 'non-profiled nmethods': size=120000Kb used=1531Kb max_used=1531Kb free=118468Kb
 bounds [0x0000022393c90000, 0x0000022393f00000, 0x000002239b1c0000]
CodeHeap 'profiled nmethods': size=120000Kb used=5849Kb max_used=5849Kb free=114150Kb
 bounds [0x000002238c1c0000, 0x000002238c780000, 0x00000223936f0000]
CodeHeap 'non-nmethods': size=5760Kb used=1553Kb max_used=1615Kb free=4207Kb
 bounds [0x00000223936f0000, 0x0000022393960000, 0x0000022393c90000]
CodeCache: size=245760Kb, used=8933Kb, max_used=8995Kb, free=236825Kb
 total_blobs=3544, nmethods=2971, adapters=477, full_count=0
Compilation: enabled, stopped_count=0, restarted_count=0

Compilation events (20 events):
Event: 3.932 Thread 0x00000223a080a330 2905       3       java.lang.invoke.InvokerBytecodeGenerator::emitArrayOp (113 bytes)
Event: 3.933 Thread 0x00000223a080a330 nmethod 2905 0x000002238c74e010 code [0x000002238c74e260, 0x000002238c74ea30]
Event: 3.941 Thread 0x00000223a080a330 2907       3       java.util.regex.Pattern::curly (66 bytes)
Event: 3.942 Thread 0x00000223a080a330 nmethod 2907 0x000002238c74ed90 code [0x000002238c74f000, 0x000002238c74fdd8]
Event: 3.942 Thread 0x00000223a080a330 2908       3       java.nio.HeapByteBuffer::ix (7 bytes)
Event: 3.943 Thread 0x00000223a080a330 nmethod 2908 0x000002238c750110 code [0x000002238c7502a0, 0x000002238c7503b0]
Event: 3.957 Thread 0x00000223a080a330 2910       3       jdk.internal.reflect.MagicAccessorImpl::<init> (5 bytes)
Event: 3.958 Thread 0x00000223a080a330 nmethod 2910 0x000002238c750410 code [0x000002238c7505c0, 0x000002238c750728]
Event: 3.965 Thread 0x00000223a080a330 2911       3       jdk.internal.reflect.MethodHandleAccessorFactory::ensureClassInitialized (18 bytes)
Event: 3.965 Thread 0x00000223a080a330 nmethod 2911 0x000002238c750810 code [0x000002238c750a20, 0x000002238c750e88]
Event: 3.965 Thread 0x00000223a080a330 2912       3       jdk.internal.reflect.MethodHandleAccessorFactory::slotCount (75 bytes)
Event: 3.966 Thread 0x00000223a080a330 nmethod 2912 0x000002238c751010 code [0x000002238c751200, 0x000002238c7516b0]
Event: 3.968 Thread 0x00000223a080a330 2913       3       java.lang.invoke.DirectMethodHandle$Holder::invokeStatic (24 bytes)
Event: 3.969 Thread 0x00000223a080a330 nmethod 2913 0x000002238c751810 code [0x000002238c7519e0, 0x000002238c751f50]
Event: 3.971 Thread 0x00000223a080a330 2914       3       java.lang.invoke.MethodHandles$Lookup::getDirectMethod (18 bytes)
Event: 3.971 Thread 0x00000223a080a330 nmethod 2914 0x000002238c752090 code [0x000002238c752240, 0x000002238c752390]
Event: 3.974 Thread 0x00000223a080a330 2916       3       java.util.LinkedHashMap::keysToArray (7 bytes)
Event: 3.974 Thread 0x00000223a080a330 nmethod 2916 0x000002238c752490 code [0x000002238c752640, 0x000002238c752780]
Event: 3.974 Thread 0x00000223a080a330 2917       3       java.lang.reflect.Proxy$ProxyBuilder::addElementTypes (33 bytes)
Event: 3.975 Thread 0x00000223a080a330 nmethod 2917 0x000002238c752810 code [0x000002238c752a20, 0x000002238c7530c8]

GC Heap History (4 events):
Event: 0.795 GC heap before
{Heap before GC invocations=0 (full 0):
 garbage-first heap   total 258048K, used 26624K [0x0000000080000000, 0x0000000100000000)
  region size 1024K, 23 young (23552K), 0 survivors (0K)
 Metaspace       used 3099K, committed 3264K, reserved 1114112K
  class space    used 404K, committed 448K, reserved 1048576K
}
Event: 0.801 GC heap after
{Heap after GC invocations=1 (full 0):
 garbage-first heap   total 258048K, used 10620K [0x0000000080000000, 0x0000000100000000)
  region size 1024K, 3 young (3072K), 3 survivors (3072K)
 Metaspace       used 3099K, committed 3264K, reserved 1114112K
  class space    used 404K, committed 448K, reserved 1048576K
}
Event: 1.364 GC heap before
{Heap before GC invocations=1 (full 0):
 garbage-first heap   total 258048K, used 40316K [0x0000000080000000, 0x0000000100000000)
  region size 1024K, 32 young (32768K), 3 survivors (3072K)
 Metaspace       used 4072K, committed 4288K, reserved 1114112K
  class space    used 511K, committed 640K, reserved 1048576K
}
Event: 1.368 GC heap after
{Heap after GC invocations=2 (full 0):
 garbage-first heap   total 258048K, used 11602K [0x0000000080000000, 0x0000000100000000)
  region size 1024K, 1 young (1024K), 1 survivors (1024K)
 Metaspace       used 4072K, committed 4288K, reserved 1114112K
  class space    used 511K, committed 640K, reserved 1048576K
}

Dll operation events (14 events):
Event: 0.008 Loaded shared library C:\Users\OS\.vscode\extensions\redhat.java-1.53.0-win32-x64\jre\21.0.10-win32-x86_64\bin\java.dll
Event: 0.069 Loaded shared library C:\Users\OS\.vscode\extensions\redhat.java-1.53.0-win32-x64\jre\21.0.10-win32-x86_64\bin\zip.dll
Event: 0.093 Loaded shared library C:\Users\OS\.vscode\extensions\redhat.java-1.53.0-win32-x64\jre\21.0.10-win32-x86_64\bin\instrument.dll
Event: 0.099 Loaded shared library C:\Users\OS\.vscode\extensions\redhat.java-1.53.0-win32-x64\jre\21.0.10-win32-x86_64\bin\net.dll
Event: 0.101 Loaded shared library C:\Users\OS\.vscode\extensions\redhat.java-1.53.0-win32-x64\jre\21.0.10-win32-x86_64\bin\nio.dll
Event: 0.106 Loaded shared library C:\Users\OS\.vscode\extensions\redhat.java-1.53.0-win32-x64\jre\21.0.10-win32-x86_64\bin\zip.dll
Event: 0.379 Loaded shared library C:\Users\OS\.vscode\extensions\redhat.java-1.53.0-win32-x64\jre\21.0.10-win32-x86_64\bin\jimage.dll
Event: 0.452 Loaded shared library C:\Users\OS\.vscode\extensions\redhat.java-1.53.0-win32-x64\jre\21.0.10-win32-x86_64\bin\verify.dll
Event: 0.675 Loaded shared library C:\Users\OS\.gradle\native\c067742578af261105cb4f569cf0c3c89f3d7b1fecec35dd04571415982c5e48\windows-amd64\native-platform.dll
Event: 0.685 Loaded shared library C:\Users\OS\.gradle\native\38dada09dfb8b06ba9b0570ebf7e218e3eb74d4ef43ca46872605cf95ebc2f47\windows-amd64\native-platform-file-events.dll
Event: 1.807 Loaded shared library C:\Users\OS\.vscode\extensions\redhat.java-1.53.0-win32-x64\jre\21.0.10-win32-x86_64\bin\management.dll
Event: 1.879 Loaded shared library C:\Users\OS\.vscode\extensions\redhat.java-1.53.0-win32-x64\jre\21.0.10-win32-x86_64\bin\management_ext.dll
Event: 2.161 Loaded shared library C:\Users\OS\.vscode\extensions\redhat.java-1.53.0-win32-x64\jre\21.0.10-win32-x86_64\bin\extnet.dll
Event: 2.388 Loaded shared library C:\Users\OS\.vscode\extensions\redhat.java-1.53.0-win32-x64\jre\21.0.10-win32-x86_64\bin\sunmscapi.dll

Deoptimization events (20 events):
Event: 3.245 Thread 0x00000223e75aa3f0 Uncommon trap: trap_request=0xffffffcc fr.pc=0x0000022393dc8f9c relative=0x000000000000035c
Event: 3.245 Thread 0x00000223e75aa3f0 Uncommon trap: reason=intrinsic_or_type_checked_inlining action=make_not_entrant pc=0x0000022393dc8f9c method=java.util.Arrays.copyOf([Ljava/lang/Object;ILjava/lang/Class;)[Ljava/lang/Object; @ 35 c2
Event: 3.245 Thread 0x00000223e75aa3f0 DEOPT PACKING pc=0x0000022393dc8f9c sp=0x000000a4fbffd120
Event: 3.245 Thread 0x00000223e75aa3f0 DEOPT UNPACKING pc=0x0000022393747ba2 sp=0x000000a4fbffd0c8 mode 2
Event: 3.807 Thread 0x00000223e75aa3f0 Uncommon trap: trap_request=0xffffff45 fr.pc=0x0000022393de0e08 relative=0x00000000000000e8
Event: 3.807 Thread 0x00000223e75aa3f0 Uncommon trap: reason=unstable_if action=reinterpret pc=0x0000022393de0e08 method=java.util.Arrays.equals([Ljava/lang/Object;[Ljava/lang/Object;)Z @ 44 c2
Event: 3.807 Thread 0x00000223e75aa3f0 DEOPT PACKING pc=0x0000022393de0e08 sp=0x000000a4fbffbc10
Event: 3.807 Thread 0x00000223e75aa3f0 DEOPT UNPACKING pc=0x0000022393747ba2 sp=0x000000a4fbffbbb0 mode 2
Event: 3.807 Thread 0x00000223e75aa3f0 Uncommon trap: trap_request=0xffffff45 fr.pc=0x0000022393da6488 relative=0x00000000000001c8
Event: 3.807 Thread 0x00000223e75aa3f0 Uncommon trap: reason=unstable_if action=reinterpret pc=0x0000022393da6488 method=java.util.HashMap.getNode(Ljava/lang/Object;)Ljava/util/HashMap$Node; @ 131 c2
Event: 3.807 Thread 0x00000223e75aa3f0 DEOPT PACKING pc=0x0000022393da6488 sp=0x000000a4fbffbcd0
Event: 3.807 Thread 0x00000223e75aa3f0 DEOPT UNPACKING pc=0x0000022393747ba2 sp=0x000000a4fbffbbe0 mode 2
Event: 3.807 Thread 0x00000223e75aa3f0 Uncommon trap: trap_request=0xffffff45 fr.pc=0x0000022393dd0580 relative=0x0000000000000860
Event: 3.807 Thread 0x00000223e75aa3f0 Uncommon trap: reason=unstable_if action=reinterpret pc=0x0000022393dd0580 method=java.util.HashMap.putVal(ILjava/lang/Object;Ljava/lang/Object;ZZ)Ljava/lang/Object; @ 206 c2
Event: 3.807 Thread 0x00000223e75aa3f0 DEOPT PACKING pc=0x0000022393dd0580 sp=0x000000a4fbffbc80
Event: 3.807 Thread 0x00000223e75aa3f0 DEOPT UNPACKING pc=0x0000022393747ba2 sp=0x000000a4fbffbbc0 mode 2
Event: 3.809 Thread 0x00000223e75aa3f0 Uncommon trap: trap_request=0xffffff45 fr.pc=0x0000022393de0314 relative=0x00000000000001d4
Event: 3.809 Thread 0x00000223e75aa3f0 Uncommon trap: reason=unstable_if action=reinterpret pc=0x0000022393de0314 method=java.util.HashMap.getNode(Ljava/lang/Object;)Ljava/util/HashMap$Node; @ 131 c2
Event: 3.809 Thread 0x00000223e75aa3f0 DEOPT PACKING pc=0x0000022393de0314 sp=0x000000a4fbffbc60
Event: 3.809 Thread 0x00000223e75aa3f0 DEOPT UNPACKING pc=0x0000022393747ba2 sp=0x000000a4fbffbbe0 mode 2

Classes loaded (20 events):
Event: 3.542 Loading class java/io/ObjectOutputStream
Event: 3.543 Loading class java/io/ObjectOutput
Event: 3.544 Loading class java/io/ObjectOutput done
Event: 3.544 Loading class java/io/ObjectStreamConstants
Event: 3.544 Loading class java/io/ObjectStreamConstants done
Event: 3.544 Loading class java/io/ObjectOutputStream done
Event: 3.546 Loading class java/io/ObjectInputStream
Event: 3.546 Loading class java/io/ObjectInput
Event: 3.547 Loading class java/io/ObjectInput done
Event: 3.547 Loading class java/io/ObjectInputStream done
Event: 3.745 Loading class javax/xml/parsers/ParserConfigurationException
Event: 3.746 Loading class javax/xml/parsers/ParserConfigurationException done
Event: 3.746 Loading class org/xml/sax/SAXException
Event: 3.747 Loading class org/xml/sax/SAXException done
Event: 3.747 Loading class javax/xml/xpath/XPathExpressionException
Event: 3.747 Loading class javax/xml/xpath/XPathException
Event: 3.747 Loading class javax/xml/xpath/XPathException done
Event: 3.747 Loading class javax/xml/xpath/XPathExpressionException done
Event: 3.747 Loading class org/xml/sax/ErrorHandler
Event: 3.747 Loading class org/xml/sax/ErrorHandler done

Classes unloaded (0 events):
No events

Classes redefined (0 events):
No events

Internal exceptions (20 events):
Event: 3.252 Thread 0x00000223e75aa3f0 Exception <a 'java/lang/NoSuchMethodError'{0x000000008b535540}: 'java.lang.Object java.lang.invoke.DirectMethodHandle$Holder.invokeStatic(java.lang.Object, java.lang.Object, java.lang.Object, java.lang.Object, java.lang.Object, java.lang.Object, java.lang.Object, java.lang.Object, java.lang.Object, java.lang.Object, java.lang.Object, java.lang.Object, java.lang.Object, java.lang.Object, java.lang.Object, java.lang.Object, java.lang.Object)'> (0x000000008b535540) 
thrown [s\src\hotspot\share\interpreter\lin
Event: 3.254 Thread 0x00000223e75aa3f0 Exception <a 'java/lang/NoSuchMethodError'{0x000000008b55e2d0}: 'java.lang.Object java.lang.invoke.DirectMethodHandle$Holder.invokeStatic(java.lang.Object, java.lang.Object, java.lang.Object, java.lang.Object, java.lang.Object, java.lang.Object, java.lang.Object, java.lang.Object, java.lang.Object, java.lang.Object, java.lang.Object, java.lang.Object, java.lang.Object, java.lang.Object, java.lang.Object, java.lang.Object, java.lang.Object, java.lang.Object)'> (0x000000008b55e2d0) 
thrown [s\src\hotspot\sha
Event: 3.256 Thread 0x00000223e75aa3f0 Exception <a 'java/lang/NoSuchMethodError'{0x000000008b588680}: 'java.lang.Object java.lang.invoke.DirectMethodHandle$Holder.invokeStatic(java.lang.Object, java.lang.Object, java.lang.Object, java.lang.Object, java.lang.Object, java.lang.Object, java.lang.Object, java.lang.Object, java.lang.Object, java.lang.Object, java.lang.Object, java.lang.Object, java.lang.Object, java.lang.Object, java.lang.Object, java.lang.Object, java.lang.Object, java.lang.Object, java.lang.Object)'> (0x000000008b588680) 
thrown 
Event: 3.258 Thread 0x00000223e75aa3f0 Exception <a 'java/lang/NoSuchMethodError'{0x000000008b5b3ba8}: 'java.lang.Object java.lang.invoke.DirectMethodHandle$Holder.invokeStatic(java.lang.Object, java.lang.Object, java.lang.Object, java.lang.Object, java.lang.Object, java.lang.Object, java.lang.Object, java.lang.Object, java.lang.Object, java.lang.Object, java.lang.Object, java.lang.Object, java.lang.Object, java.lang.Object, java.lang.Object, java.lang.Object, java.lang.Object, java.lang.Object, java.lang.Object, java.lang.Object)'> (0x00000000
Event: 3.260 Thread 0x00000223e75aa3f0 Exception <a 'java/lang/NoSuchMethodError'{0x000000008b5e02e0}: 'java.lang.Object java.lang.invoke.DirectMethodHandle$Holder.invokeStatic(java.lang.Object, java.lang.Object, java.lang.Object, java.lang.Object, java.lang.Object, java.lang.Object, java.lang.Object, java.lang.Object, java.lang.Object, java.lang.Object, java.lang.Object, java.lang.Object, java.lang.Object, java.lang.Object, java.lang.Object, java.lang.Object, java.lang.Object, java.lang.Object, java.lang.Object, java.lang.Object, java.lang.Obj
Event: 3.263 Thread 0x00000223e75aa3f0 Exception <a 'java/lang/NoSuchMethodError'{0x000000008b40dd60}: 'java.lang.Object java.lang.invoke.DirectMethodHandle$Holder.invokeStatic(java.lang.Object, java.lang.Object, java.lang.Object, java.lang.Object, java.lang.Object, java.lang.Object, java.lang.Object, java.lang.Object, java.lang.Object, java.lang.Object, java.lang.Object, java.lang.Object, java.lang.Object, java.lang.Object, java.lang.Object, java.lang.Object, java.lang.Object, java.lang.Object, java.lang.Object, java.lang.Object, java.lang.Obj
Event: 3.266 Thread 0x00000223e75aa3f0 Exception <a 'java/lang/NoSuchMethodError'{0x000000008b43c020}: 'java.lang.Object java.lang.invoke.DirectMethodHandle$Holder.invokeStatic(java.lang.Object, java.lang.Object, java.lang.Object, java.lang.Object, java.lang.Object, java.lang.Object, java.lang.Object, java.lang.Object, java.lang.Object, java.lang.Object, java.lang.Object, java.lang.Object, java.lang.Object, java.lang.Object, java.lang.Object, java.lang.Object, java.lang.Object, java.lang.Object, java.lang.Object, java.lang.Object, java.lang.Obj
Event: 3.268 Thread 0x00000223e75aa3f0 Exception <a 'java/lang/NoSuchMethodError'{0x000000008b46b250}: 'java.lang.Object java.lang.invoke.DirectMethodHandle$Holder.invokeStatic(java.lang.Object, java.lang.Object, java.lang.Object, java.lang.Object, java.lang.Object, java.lang.Object, java.lang.Object, java.lang.Object, java.lang.Object, java.lang.Object, java.lang.Object, java.lang.Object, java.lang.Object, java.lang.Object, java.lang.Object, java.lang.Object, java.lang.Object, java.lang.Object, java.lang.Object, java.lang.Object, java.lang.Obj
Event: 3.271 Thread 0x00000223e75aa3f0 Exception <a 'java/lang/NoSuchMethodError'{0x000000008b49b290}: 'java.lang.Object java.lang.invoke.DirectMethodHandle$Holder.invokeStatic(java.lang.Object, java.lang.Object, java.lang.Object, java.lang.Object, java.lang.Object, java.lang.Object, java.lang.Object, java.lang.Object, java.lang.Object, java.lang.Object, java.lang.Object, java.lang.Object, java.lang.Object, java.lang.Object, java.lang.Object, java.lang.Object, java.lang.Object, java.lang.Object, java.lang.Object, java.lang.Object, java.lang.Obj
Event: 3.273 Thread 0x00000223e75aa3f0 Exception <a 'java/lang/NoSuchMethodError'{0x000000008b4cca08}: 'java.lang.Object java.lang.invoke.DirectMethodHandle$Holder.invokeStatic(java.lang.Object, java.lang.Object, java.lang.Object, java.lang.Object, java.lang.Object, java.lang.Object, java.lang.Object, java.lang.Object, java.lang.Object, java.lang.Object, java.lang.Object, java.lang.Object, java.lang.Object, java.lang.Object, java.lang.Object, java.lang.Object, java.lang.Object, java.lang.Object, java.lang.Object, java.lang.Object, java.lang.Obj
Event: 3.515 Thread 0x00000223e75aa3f0 Exception <a 'java/lang/IncompatibleClassChangeError'{0x000000008ac22b00}: Found class java.lang.Object, but interface was expected> (0x000000008ac22b00) 
thrown [s\src\hotspot\share\interpreter\linkResolver.cpp, line 840]
Event: 3.520 Thread 0x00000223e75aa3f0 Exception <a 'java/lang/NoSuchMethodError'{0x000000008ac52d60}: 'java.lang.Object java.lang.invoke.DirectMethodHandle$Holder.newInvokeSpecial(java.lang.Object, java.lang.Object, java.lang.Object, java.lang.Object, java.lang.Object, java.lang.Object, java.lang.Object, java.lang.Object, java.lang.Object, java.lang.Object, java.lang.Object, java.lang.Object, java.lang.Object, java.lang.Object)'> (0x000000008ac52d60) 
thrown [s\src\hotspot\share\interpreter\linkResolver.cpp, line 773]
Event: 3.521 Thread 0x00000223e75aa3f0 Exception <a 'java/lang/NoSuchMethodError'{0x000000008ac584d0}: 'java.lang.Object java.lang.invoke.DirectMethodHandle$Holder.invokeSpecial(java.lang.Object, java.lang.Object, java.lang.Object, java.lang.Object, java.lang.Object, java.lang.Object, java.lang.Object, java.lang.Object, java.lang.Object, java.lang.Object, java.lang.Object, java.lang.Object, java.lang.Object, java.lang.Object, java.lang.Object)'> (0x000000008ac584d0) 
thrown [s\src\hotspot\share\interpreter\linkResolver.cpp, line 773]
Event: 3.521 Thread 0x00000223e75aa3f0 Exception <a 'java/lang/NoSuchMethodError'{0x000000008ac5ce30}: 'java.lang.Object java.lang.invoke.DelegatingMethodHandle$Holder.reinvoke_L(java.lang.Object, java.lang.Object, java.lang.Object, java.lang.Object, java.lang.Object, java.lang.Object, java.lang.Object, java.lang.Object, java.lang.Object, java.lang.Object, java.lang.Object, java.lang.Object, java.lang.Object, java.lang.Object)'> (0x000000008ac5ce30) 
thrown [s\src\hotspot\share\interpreter\linkResolver.cpp, line 773]
Event: 3.556 Thread 0x00000223e75aa3f0 Exception <a 'java/lang/NoSuchMethodError'{0x000000008abab030}: 'java.lang.Object java.lang.invoke.DirectMethodHandle$Holder.newInvokeSpecial(java.lang.Object, java.lang.Object, java.lang.Object, java.lang.Object, java.lang.Object, java.lang.Object, java.lang.Object)'> (0x000000008abab030) 
thrown [s\src\hotspot\share\interpreter\linkResolver.cpp, line 773]
Event: 3.570 Thread 0x00000223e75aa3f0 Exception <a 'java/lang/NoSuchMethodError'{0x000000008aa267d0}: 'java.lang.Object java.lang.invoke.DirectMethodHandle$Holder.invokeVirtual(java.lang.Object, java.lang.Object, java.lang.Object, java.lang.Object, java.lang.Object, java.lang.Object, java.lang.Object, java.lang.Object, java.lang.Object, java.lang.Object, java.lang.Object, java.lang.Object, java.lang.Object, java.lang.Object, java.lang.Object, java.lang.Object, java.lang.Object, java.lang.Object, java.lang.Object, java.lang.Object, java.lang.Ob
Event: 3.571 Thread 0x00000223e75aa3f0 Exception <a 'java/lang/NoSuchMethodError'{0x000000008aa2cce8}: 'java.lang.Object java.lang.invoke.DirectMethodHandle$Holder.invokeSpecial(java.lang.Object, java.lang.Object, java.lang.Object, java.lang.Object, java.lang.Object, java.lang.Object, java.lang.Object, java.lang.Object, java.lang.Object, java.lang.Object, java.lang.Object, java.lang.Object, java.lang.Object, java.lang.Object, java.lang.Object, java.lang.Object, java.lang.Object, java.lang.Object, java.lang.Object, java.lang.Object, java.lang.Ob
Event: 3.571 Thread 0x00000223e75aa3f0 Exception <a 'java/lang/NoSuchMethodError'{0x000000008aa32710}: 'java.lang.Object java.lang.invoke.DelegatingMethodHandle$Holder.reinvoke_L(java.lang.Object, java.lang.Object, java.lang.Object, java.lang.Object, java.lang.Object, java.lang.Object, java.lang.Object, java.lang.Object, java.lang.Object, java.lang.Object, java.lang.Object, java.lang.Object, java.lang.Object, java.lang.Object, java.lang.Object, java.lang.Object, java.lang.Object, java.lang.Object, java.lang.Object, java.lang.Object, java.lang.O
Event: 3.685 Thread 0x00000223e75aa3f0 Exception <a 'java/lang/NoSuchMethodError'{0x000000008a6fc998}: 'java.lang.Object java.lang.invoke.DirectMethodHandle$Holder.invokeSpecial(java.lang.Object, java.lang.Object, java.lang.Object, java.lang.Object, java.lang.Object, java.lang.Object, java.lang.Object, java.lang.Object, java.lang.Object, java.lang.Object, java.lang.Object, java.lang.Object, java.lang.Object, java.lang.Object, java.lang.Object, java.lang.Object, java.lang.Object, java.lang.Object, java.lang.Object, java.lang.Object, java.lang.Ob
Event: 3.902 Thread 0x00000223e75aa3f0 Exception <a 'java/lang/NoSuchMethodError'{0x0000000089cc7808}: 'java.lang.Object java.lang.invoke.DirectMethodHandle$Holder.invokeVirtual(java.lang.Object, java.lang.Object, java.lang.Object, java.lang.Object, java.lang.Object, java.lang.Object, java.lang.Object, java.lang.Object, java.lang.Object, java.lang.Object, java.lang.Object)'> (0x0000000089cc7808) 
thrown [s\src\hotspot\share\interpreter\linkResolver.cpp, line 773]

ZGC Phase Switch (0 events):
No events

VM Operations (20 events):
Event: 2.045 Executing non-safepoint VM operation: HandshakeAllThreads (Deoptimize)
Event: 2.045 Executing non-safepoint VM operation: HandshakeAllThreads (Deoptimize) done
Event: 2.093 Executing non-safepoint VM operation: HandshakeAllThreads (Deoptimize)
Event: 2.093 Executing non-safepoint VM operation: HandshakeAllThreads (Deoptimize) done
Event: 2.256 Executing non-safepoint VM operation: HandshakeAllThreads (Deoptimize)
Event: 2.256 Executing non-safepoint VM operation: HandshakeAllThreads (Deoptimize) done
Event: 2.276 Executing safepoint VM operation: ICBufferFull
Event: 2.276 Executing safepoint VM operation: ICBufferFull done
Event: 2.393 Executing non-safepoint VM operation: HandshakeAllThreads (Deoptimize)
Event: 2.393 Executing non-safepoint VM operation: HandshakeAllThreads (Deoptimize) done
Event: 2.782 Executing non-safepoint VM operation: HandshakeAllThreads (Deoptimize)
Event: 2.782 Executing non-safepoint VM operation: HandshakeAllThreads (Deoptimize) done
Event: 2.975 Executing non-safepoint VM operation: HandshakeAllThreads (Deoptimize)
Event: 2.975 Executing non-safepoint VM operation: HandshakeAllThreads (Deoptimize) done
Event: 3.146 Executing safepoint VM operation: ICBufferFull
Event: 3.147 Executing safepoint VM operation: ICBufferFull done
Event: 3.282 Executing non-safepoint VM operation: HandshakeAllThreads (Deoptimize)
Event: 3.282 Executing non-safepoint VM operation: HandshakeAllThreads (Deoptimize) done
Event: 3.282 Executing non-safepoint VM operation: HandshakeAllThreads (Deoptimize)
Event: 3.282 Executing non-safepoint VM operation: HandshakeAllThreads (Deoptimize) done

Memory protections (0 events):
No events

Nmethod flushes (0 events):
No events

Events (20 events):
Event: 0.127 Thread 0x0000022388fbbe20 Thread added: 0x00000223a0afc740
Event: 0.381 Thread 0x00000223a080a330 Thread added: 0x00000223a0b19a60
Event: 0.402 Thread 0x00000223a080a330 Thread added: 0x00000223a0b20c00
Event: 0.833 Thread 0x00000223a0b20c00 Thread exited: 0x00000223a0b20c00
Event: 1.889 Thread 0x00000223a0b19a60 Thread exited: 0x00000223a0b19a60
Event: 1.941 Thread 0x0000022388fbbe20 Thread added: 0x00000223a0b19a60
Event: 2.186 Thread 0x00000223a07757f0 Thread added: 0x00000223e79d2070
Event: 2.217 Thread 0x0000022388fbbe20 Thread added: 0x00000223e781f160
Event: 2.292 Thread 0x0000022388fbbe20 Thread added: 0x00000223e78c9e70
Event: 2.424 Thread 0x00000223e781f160 Thread added: 0x00000223e7967020
Event: 2.426 Thread 0x00000223e7967020 Thread added: 0x00000223e7069e40
Event: 2.468 Thread 0x00000223e7967020 Thread added: 0x00000223e75a9560
Event: 2.474 Thread 0x00000223e7967020 Thread added: 0x00000223e75aa3f0
Event: 2.490 Thread 0x00000223e75aa3f0 Thread added: 0x00000223e7f0bdd0
Event: 2.494 Thread 0x00000223e75aa3f0 Thread added: 0x00000223e7f0e530
Event: 2.500 Thread 0x00000223e75aa3f0 Thread added: 0x00000223e7f0c460
Event: 2.975 Thread 0x00000223e75aa3f0 Thread added: 0x00000223e7f0b0b0
Event: 2.985 Thread 0x00000223e75aa3f0 Thread added: 0x00000223e7f0b740
Event: 3.022 Thread 0x00000223e75aa3f0 Thread added: 0x00000223e7f0caf0
Event: 3.301 Thread 0x00000223a080a330 Thread added: 0x00000223e8ad0040


Dynamic libraries:
0x00007ff644cd0000 - 0x00007ff644cde000 	C:\Users\OS\.vscode\extensions\redhat.java-1.53.0-win32-x64\jre\21.0.10-win32-x86_64\bin\java.exe
0x00007fff7df20000 - 0x00007fff7e187000 	C:\WINDOWS\SYSTEM32\ntdll.dll
0x00007fff7d1b0000 - 0x00007fff7d279000 	C:\WINDOWS\System32\KERNEL32.DLL
0x00007fff7ad60000 - 0x00007fff7b151000 	C:\WINDOWS\System32\KERNELBASE.dll
0x00007fff7a830000 - 0x00007fff7a97b000 	C:\WINDOWS\System32\ucrtbase.dll
0x00007fff08890000 - 0x00007fff088a8000 	C:\Users\OS\.vscode\extensions\redhat.java-1.53.0-win32-x64\jre\21.0.10-win32-x86_64\bin\jli.dll
0x00007fff07480000 - 0x00007fff0749e000 	C:\Users\OS\.vscode\extensions\redhat.java-1.53.0-win32-x64\jre\21.0.10-win32-x86_64\bin\VCRUNTIME140.dll
0x00007fff7dc90000 - 0x00007fff7de55000 	C:\WINDOWS\System32\USER32.dll
0x00007fff6bb30000 - 0x00007fff6bdc3000 	C:\WINDOWS\WinSxS\amd64_microsoft.windows.common-controls_6595b64144ccf1df_6.0.26100.8037_none_3e092faae333b53b\COMCTL32.dll
0x00007fff7a800000 - 0x00007fff7a827000 	C:\WINDOWS\System32\win32u.dll
0x00007fff7d330000 - 0x00007fff7d35b000 	C:\WINDOWS\System32\GDI32.dll
0x00007fff7d280000 - 0x00007fff7d329000 	C:\WINDOWS\System32\msvcrt.dll
0x00007fff7a980000 - 0x00007fff7aaab000 	C:\WINDOWS\System32\gdi32full.dll
0x00007fff7b160000 - 0x00007fff7b203000 	C:\WINDOWS\System32\msvcp_win.dll
0x00007fff7d170000 - 0x00007fff7d1a1000 	C:\WINDOWS\System32\IMM32.DLL
0x00007fff700b0000 - 0x00007fff700bc000 	C:\Users\OS\.vscode\extensions\redhat.java-1.53.0-win32-x64\jre\21.0.10-win32-x86_64\bin\vcruntime140_1.dll
0x00007ffeec410000 - 0x00007ffeec49d000 	C:\Users\OS\.vscode\extensions\redhat.java-1.53.0-win32-x64\jre\21.0.10-win32-x86_64\bin\msvcp140.dll
0x00007ffeb40c0000 - 0x00007ffeb4e61000 	C:\Users\OS\.vscode\extensions\redhat.java-1.53.0-win32-x64\jre\21.0.10-win32-x86_64\bin\server\jvm.dll
0x00007fff7bcc0000 - 0x00007fff7bd7b000 	C:\WINDOWS\System32\ADVAPI32.dll
0x00007fff7db60000 - 0x00007fff7dc07000 	C:\WINDOWS\System32\sechost.dll
0x00007fff7c6f0000 - 0x00007fff7c808000 	C:\WINDOWS\System32\RPCRT4.dll
0x00007fff7de60000 - 0x00007fff7ded4000 	C:\WINDOWS\System32\WS2_32.dll
0x00007fff7a680000 - 0x00007fff7a6de000 	C:\WINDOWS\SYSTEM32\POWRPROF.dll
0x00007fff6bdd0000 - 0x00007fff6be05000 	C:\WINDOWS\SYSTEM32\WINMM.dll
0x00007fff727e0000 - 0x00007fff727eb000 	C:\WINDOWS\SYSTEM32\VERSION.dll
0x00007fff7a660000 - 0x00007fff7a674000 	C:\WINDOWS\SYSTEM32\UMPDC.dll
0x00007fff79560000 - 0x00007fff7957b000 	C:\WINDOWS\SYSTEM32\kernel.appcore.dll
0x00007fff6fa40000 - 0x00007fff6fa4a000 	C:\Users\OS\.vscode\extensions\redhat.java-1.53.0-win32-x64\jre\21.0.10-win32-x86_64\bin\jimage.dll
0x00007fff78930000 - 0x00007fff78b72000 	C:\WINDOWS\SYSTEM32\DBGHELP.DLL
0x00007fff7cbe0000 - 0x00007fff7cf62000 	C:\WINDOWS\System32\combase.dll
0x00007fff7c840000 - 0x00007fff7c917000 	C:\WINDOWS\System32\OLEAUT32.dll
0x00007fff64320000 - 0x00007fff6435b000 	C:\WINDOWS\SYSTEM32\dbgcore.DLL
0x00007fff7aab0000 - 0x00007fff7ab55000 	C:\WINDOWS\System32\bcryptPrimitives.dll
0x00007fff4bec0000 - 0x00007fff4becf000 	C:\Users\OS\.vscode\extensions\redhat.java-1.53.0-win32-x64\jre\21.0.10-win32-x86_64\bin\instrument.dll
0x00007fff053c0000 - 0x00007fff053e0000 	C:\Users\OS\.vscode\extensions\redhat.java-1.53.0-win32-x64\jre\21.0.10-win32-x86_64\bin\java.dll
0x00007fff7d3f0000 - 0x00007fff7db4f000 	C:\WINDOWS\System32\SHELL32.dll
0x00007fff7ab60000 - 0x00007fff7acca000 	C:\WINDOWS\System32\wintypes.dll
0x00007fff7b390000 - 0x00007fff7bbf4000 	C:\WINDOWS\System32\windows.storage.dll
0x00007fff7bee0000 - 0x00007fff7bfd7000 	C:\WINDOWS\System32\SHCORE.dll
0x00007fff7dc10000 - 0x00007fff7dc77000 	C:\WINDOWS\System32\shlwapi.dll
0x00007fff7a720000 - 0x00007fff7a749000 	C:\WINDOWS\SYSTEM32\profapi.dll
0x00007fff00720000 - 0x00007fff00738000 	C:\Users\OS\.vscode\extensions\redhat.java-1.53.0-win32-x64\jre\21.0.10-win32-x86_64\bin\zip.dll
0x00007fff4f980000 - 0x00007fff4f990000 	C:\Users\OS\.vscode\extensions\redhat.java-1.53.0-win32-x64\jre\21.0.10-win32-x86_64\bin\net.dll
0x00007fff73a20000 - 0x00007fff73b47000 	C:\WINDOWS\SYSTEM32\WINHTTP.dll
0x00007fff79ae0000 - 0x00007fff79b4b000 	C:\WINDOWS\system32\mswsock.dll
0x00007fff00580000 - 0x00007fff00596000 	C:\Users\OS\.vscode\extensions\redhat.java-1.53.0-win32-x64\jre\21.0.10-win32-x86_64\bin\nio.dll
0x00007fff4ab70000 - 0x00007fff4ab80000 	C:\Users\OS\.vscode\extensions\redhat.java-1.53.0-win32-x64\jre\21.0.10-win32-x86_64\bin\verify.dll
0x00007ffeee1f0000 - 0x00007ffeee217000 	C:\Users\OS\.gradle\native\c067742578af261105cb4f569cf0c3c89f3d7b1fecec35dd04571415982c5e48\windows-amd64\native-platform.dll
0x00007fff6a820000 - 0x00007fff6a964000 	C:\Users\OS\.gradle\native\38dada09dfb8b06ba9b0570ebf7e218e3eb74d4ef43ca46872605cf95ebc2f47\windows-amd64\native-platform-file-events.dll
0x00007fff33c50000 - 0x00007fff33c5a000 	C:\Users\OS\.vscode\extensions\redhat.java-1.53.0-win32-x64\jre\21.0.10-win32-x86_64\bin\management.dll
0x00007fff2f700000 - 0x00007fff2f70c000 	C:\Users\OS\.vscode\extensions\redhat.java-1.53.0-win32-x64\jre\21.0.10-win32-x86_64\bin\management_ext.dll
0x00007fff7bfe0000 - 0x00007fff7bfe8000 	C:\WINDOWS\System32\PSAPI.DLL
0x00007fff79de0000 - 0x00007fff79dfb000 	C:\WINDOWS\SYSTEM32\CRYPTSP.dll
0x00007fff794c0000 - 0x00007fff794f9000 	C:\WINDOWS\system32\rsaenh.dll
0x00007fff79b90000 - 0x00007fff79bc2000 	C:\WINDOWS\SYSTEM32\USERENV.dll
0x00007fff7a6f0000 - 0x00007fff7a71a000 	C:\WINDOWS\SYSTEM32\bcrypt.dll
0x00007fff79e00000 - 0x00007fff79e0c000 	C:\WINDOWS\SYSTEM32\CRYPTBASE.dll
0x00007fff78f40000 - 0x00007fff78f73000 	C:\WINDOWS\SYSTEM32\IPHLPAPI.DLL
0x00007fff7dc80000 - 0x00007fff7dc8a000 	C:\WINDOWS\System32\NSI.dll
0x00007fff00710000 - 0x00007fff00719000 	C:\Users\OS\.vscode\extensions\redhat.java-1.53.0-win32-x64\jre\21.0.10-win32-x86_64\bin\extnet.dll
0x00007fff00810000 - 0x00007fff0081e000 	C:\Users\OS\.vscode\extensions\redhat.java-1.53.0-win32-x64\jre\21.0.10-win32-x86_64\bin\sunmscapi.dll
0x00007fff7b210000 - 0x00007fff7b387000 	C:\WINDOWS\System32\CRYPT32.dll
0x00007fff7a000000 - 0x00007fff7a030000 	C:\WINDOWS\SYSTEM32\ncrypt.dll
0x00007fff79fb0000 - 0x00007fff79fef000 	C:\WINDOWS\SYSTEM32\NTASN1.dll
0x00007fff074d0000 - 0x00007fff074d8000 	C:\WINDOWS\system32\wshunix.dll

JVMTI agents:
C:\Users\OS\.gradle\wrapper\dists\gradle-8.7-bin\bhs2wmbdwecv87pi65oeuq5iu\gradle-8.7\lib\agents\gradle-instrumentation-agent-8.7.jar path:C:\Users\OS\.vscode\extensions\redhat.java-1.53.0-win32-x64\jre\21.0.10-win32-x86_64\bin\instrument.dll, loaded, initialized, instrumentlib options:none

dbghelp: loaded successfully - version: 4.0.5 - missing functions: none
symbol engine: initialized successfully - sym options: 0x614 - pdb path: .;C:\Users\OS\.vscode\extensions\redhat.java-1.53.0-win32-x64\jre\21.0.10-win32-x86_64\bin;C:\WINDOWS\SYSTEM32;C:\WINDOWS\WinSxS\amd64_microsoft.windows.common-controls_6595b64144ccf1df_6.0.26100.8037_none_3e092faae333b53b;C:\Users\OS\.vscode\extensions\redhat.java-1.53.0-win32-x64\jre\21.0.10-win32-x86_64\bin\server;C:\Users\OS\.gradle\native\c067742578af261105cb4f569cf0c3c89f3d7b1fecec35dd04571415982c5e48\windows-amd64;C:\Users\OS\.gradle\native\38dada09dfb8b06ba9b0570ebf7e218e3eb74d4ef43ca46872605cf95ebc2f47\windows-amd64

VM Arguments:
jvm_args: --add-opens=java.base/java.util=ALL-UNNAMED --add-opens=java.base/java.lang=ALL-UNNAMED --add-opens=java.base/java.lang.invoke=ALL-UNNAMED --add-opens=java.prefs/java.util.prefs=ALL-UNNAMED --add-opens=java.base/java.nio.charset=ALL-UNNAMED --add-opens=java.base/java.net=ALL-UNNAMED --add-opens=java.base/java.util.concurrent.atomic=ALL-UNNAMED -Xmx2048m -Dfile.encoding=UTF-8 -Duser.country=US -Duser.language=en -Duser.variant -javaagent:C:\Users\OS\.gradle\wrapper\dists\gradle-8.7-bin\bhs2wmbdwecv87pi65oeuq5iu\gradle-8.7\lib\agents\gradle-instrumentation-agent-8.7.jar 
java_command: org.gradle.launcher.daemon.bootstrap.GradleDaemon 8.7
java_class_path (initial): C:\Users\OS\.gradle\wrapper\dists\gradle-8.7-bin\bhs2wmbdwecv87pi65oeuq5iu\gradle-8.7\lib\gradle-launcher-8.7.jar
Launcher Type: SUN_STANDARD

[Global flags]
     intx CICompilerCount                          = 4                                         {product} {ergonomic}
     uint ConcGCThreads                            = 2                                         {product} {ergonomic}
     uint G1ConcRefinementThreads                  = 8                                         {product} {ergonomic}
   size_t G1HeapRegionSize                         = 1048576                                   {product} {ergonomic}
    uintx GCDrainStackTargetSize                   = 64                                        {product} {ergonomic}
   size_t InitialHeapSize                          = 264241152                                 {product} {ergonomic}
   size_t MarkStackSize                            = 4194304                                   {product} {ergonomic}
   size_t MaxHeapSize                              = 2147483648                                {product} {command line}
   size_t MaxNewSize                               = 1287651328                                {product} {ergonomic}
   size_t MinHeapDeltaBytes                        = 1048576                                   {product} {ergonomic}
   size_t MinHeapSize                              = 8388608                                   {product} {ergonomic}
    uintx NonNMethodCodeHeapSize                   = 5839372                                {pd product} {ergonomic}
    uintx NonProfiledCodeHeapSize                  = 122909434                              {pd product} {ergonomic}
    uintx ProfiledCodeHeapSize                     = 122909434                              {pd product} {ergonomic}
    uintx ReservedCodeCacheSize                    = 251658240                              {pd product} {ergonomic}
     bool SegmentedCodeCache                       = true                                      {product} {ergonomic}
   size_t SoftMaxHeapSize                          = 2147483648                             {manageable} {ergonomic}
     bool UseCompressedOops                        = true                           {product lp64_product} {ergonomic}
     bool UseG1GC                                  = true                                      {product} {ergonomic}
     bool UseLargePagesIndividualAllocation        = false                                  {pd product} {ergonomic}

Logging:
Log output configuration:
 #0: stdout all=warning uptime,level,tags foldmultilines=false
 #1: stderr all=off uptime,level,tags foldmultilines=false

Release file:
JAVA_VERSION="21.0.10" 
MODULES="java.base java.compiler java.datatransfer java.xml java.prefs java.desktop java.instrument java.logging java.management java.security.sasl java.naming java.rmi java.management.rmi java.net.http java.scripting java.security.jgss java.transaction.xa java.sql java.sql.rowset java.xml.crypto java.se java.smartcardio jdk.accessibility jdk.internal.jvmstat jdk.attach jdk.charsets jdk.internal.opt jdk.zipfs jdk.compiler jdk.crypto.ec jdk.crypto.cryptoki jdk.crypto.mscapi jdk.dynalink jdk.internal.ed jdk.editpad jdk.hotspot.agent jdk.httpserver jdk.internal.le jdk.internal.vm.ci jdk.internal.vm.compiler jdk.internal.vm.compiler.management jdk.jartool jdk.javadoc jdk.jcmd jdk.management jdk.management.agent jdk.jconsole jdk.jdeps jdk.jdwp.agent jdk.jdi jdk.jfr jdk.jshell jdk.jsobject jdk.jstatd jdk.localedata jdk.management.jfr jdk.naming.dns jdk.naming.rmi jdk.net jdk.nio.mapmode jdk.random jdk.sctp jdk.security.auth jdk.security.jgss jdk.unsupported jdk.unsupported.desktop jdk.xml.dom" 

Environment Variables:
JAVA_HOME=C:\PROGRA~1\Java\jdk-17
PATH=C:\Users\OS\AppData\Local\Programs\Microsoft VS Code;D:\DB\bin;C:\WINDOWS\system32;C:\WINDOWS;C:\WINDOWS\System32\Wbem;C:\WINDOWS\System32\WindowsPowerShell\v1.0\;C:\WINDOWS\System32\OpenSSH\;C:\Program Files\Git\cmd;C:\Users\apache-maven-3.9.9\bin;C:\Program Files (x86)\Microsoft SQL Server\160\Tools\Binn\;C:\Program Files\Microsoft SQL Server\160\Tools\Binn\;C:\Program Files\Microsoft SQL Server\Client SDK\ODBC\170\Tools\Binn\;C:\Program Files\Microsoft SQL Server\160\DTS\Binn\;C:\Program Files\Microsoft SQL Server\170\DTS\Binn\;C:\Program Files\Microsoft SQL Server\130\DTS\Binn\;C:\Program Files\Microsoft SQL Server\140\DTS\Binn\;C:\Program Files\Microsoft SQL Server\150\DTS\Binn\;C:\ProgramData\chocolatey\bin;C:\Program Files\nodejs\;D:\HHCDH\HK6\Bigdata\Hadoop_Spark\hadoop-3.4.3\hadoop-3.4.3\bin;D:\HHCDH\HK6\Bigdata\Hadoop_Spark\hadoop-3.4.3\hadoop-3.4.3\sbin;C:\Program Files\Java\jdk-17\bin;C:\Users\OS\AppData\Local\Programs\Python\Python311\Scripts\;C:\Users\OS\AppData\Local\Programs\Python\Python311\;C:\Users\OS\AppData\Local\Programs\Python\Python313\Scripts\;C:\Users\OS\AppData\Local\Programs\Python\Python313\;C:\Users\OS\AppData\Local\Microsoft\WindowsApps;C:\Users\OS\AppData\Local\Programs\Microsoft VS Code\bin;C:\Users\apache-maven-3.9.9\bin;C:\Program Files\JetBrains\IntelliJ IDEA 2025.1.2\bin;;C:\Users\OS\AppData\Roaming\npm;D:\HHCDH\HK6\Bigdata\Hadoop_Spark\hadoop-3.4.3\bin;D:\HHCDH\HK6\Bigdata\Hadoop_Spark\hadoop-3.4.3\sbin;C:\Program Files\Java\jdk-17\bin;D:\HHCDH\HK6\Bigdata\Hadoop_Spark\spark-4.1.1-bin-hadoop3\bin;
USERNAME=OS
OS=Windows_NT
PROCESSOR_IDENTIFIER=Intel64 Family 6 Model 126 Stepping 5, GenuineIntel
TMP=C:\Users\OS\AppData\Local\Temp
TEMP=C:\Users\OS\AppData\Local\Temp




Periodic native trim disabled

---------------  S Y S T E M  ---------------

OS:
 Windows 11 , 64 bit Build 26100 (10.0.26100.7920)
OS uptime: 0 days 21:52 hours
Hyper-V role detected

CPU: total 8 (initial active 8) (4 cores per cpu, 2 threads per core) family 6 model 126 stepping 5 microcode 0xa6, cx8, cmov, fxsr, ht, mmx, 3dnowpref, sse, sse2, sse3, ssse3, sse4.1, sse4.2, popcnt, lzcnt, tsc, tscinvbit, avx, avx2, aes, erms, clmul, bmi1, bmi2, adx, avx512f, avx512dq, avx512cd, avx512bw, avx512vl, sha, fma, vzeroupper, avx512_vpopcntdq, avx512_vpclmulqdq, avx512_vaes, avx512_vnni, clflush, clflushopt, avx512_vbmi2, avx512_vbmi, hv, rdtscp, rdpid, fsrm, gfni, avx512_bitalg, f16c, avx512_ifma
Processor Information for the first 8 processors :
  Max Mhz: 1201, Current Mhz: 1201, Mhz Limit: 1201

Memory: 4k page, system-wide physical 16069M (2586M free)
TotalPageFile size 26091M (AvailPageFile size 5M)
current process WorkingSet (physical memory assigned to process): 252M, peak: 252M
current process commit charge ("private bytes"): 439M, peak: 441M

vm_info: OpenJDK 64-Bit Server VM (21.0.10+7-LTS) for windows-amd64 JRE (21.0.10+7-LTS), built on 2026-01-20T00:00:00Z by "admin" with MS VC++ 17.12 (VS2022)

END.
